Writing training job pid to /opt/ml/training_worker.pid: 47
Training Worker Args: Namespace(aws_region='us-east-1', checkpoint_dir='./checkpoint_sagemaker', environment_s3_key=None, framework='tensorflow', model_metadata_s3_key='s3://aws-deepracer-data-us-east-1-1/data-4372c5a4-77df-4429-8419-6a8abe70a542/models/c01ee123-f9f7-4c4e-8bf9-6fa1c478f601/model_metadata.json', preset_s3_key=None, pretrained_checkpoint_dir='./pretrained_checkpoint_sagemaker', pretrained_s3_bucket='aws-deepracer-data-us-east-1-1', pretrained_s3_prefix='data-4372c5a4-77df-4429-8419-6a8abe70a542/models/006db80a-7092-409c-82e6-763636bb344a/sagemaker-robomaker-artifacts/', s3_bucket='aws-deepracer-data-us-east-1-1', s3_prefix='data-4372c5a4-77df-4429-8419-6a8abe70a542/models/c01ee123-f9f7-4c4e-8bf9-6fa1c478f601/sagemaker-robomaker-artifacts/')
[s3] Successfully downloaded model metadata                  from s3 key data-4372c5a4-77df-4429-8419-6a8abe70a542/models/c01ee123-f9f7-4c4e-8bf9-6fa1c478f601/model_metadata.json to local ./custom_files/agent/model_metadata.json.
Sensor list ['FRONT_FACING_CAMERA'], network DEEP_CONVOLUTIONAL_NETWORK_SHALLOW, simapp_version 5.0, training_algorithm clipped_ppo, action_space_type continuous lidar_config {'num_sectors': 8, 'num_values_per_sector': 8, 'clipping_dist': 2.0}
Action space from file: {'steering_angle': {'high': 30, 'low': -30}, 'speed': {'high': 4, 'low': 1.3}}
Using the following hyper-parameters
{
  "batch_size": 64,
  "beta_entropy": 0.0008,
  "discount_factor": 0.99,
  "e_greedy_value": 1.0,
  "epsilon_steps": 10000,
  "exploration_type": "categorical",
  "loss_type": "huber",
  "lr": 0.00025,
  "num_episodes_between_training": 20,
  "num_epochs": 8,
  "stack_size": 1,
  "term_cond_avg_score": 100000.0,
  "term_cond_max_episodes": 100000
}
[s3] Successfully uploaded hyperparameters to                  s3 bucket aws-deepracer-data-us-east-1-1 with s3 key data-4372c5a4-77df-4429-8419-6a8abe70a542/models/c01ee123-f9f7-4c4e-8bf9-6fa1c478f601/sagemaker-robomaker-artifacts/ip/hyperparameters.json.
Hostname: ip-10-0-40-181.ec2.internal
[s3] Successfully uploaded ip address to                  s3 bucket aws-deepracer-data-us-east-1-1 with s3 key data-4372c5a4-77df-4429-8419-6a8abe70a542/models/c01ee123-f9f7-4c4e-8bf9-6fa1c478f601/sagemaker-robomaker-artifacts/ip/ip.json.
[s3] Successfully uploaded ip done to                  s3 bucket aws-deepracer-data-us-east-1-1 with s3 key data-4372c5a4-77df-4429-8419-6a8abe70a542/models/c01ee123-f9f7-4c4e-8bf9-6fa1c478f601/sagemaker-robomaker-artifacts/ip/done.
[s3] Successfully downloaded deepracer checkpoint json from                  s3 key data-4372c5a4-77df-4429-8419-6a8abe70a542/models/006db80a-7092-409c-82e6-763636bb344a/sagemaker-robomaker-artifacts/model/deepracer_checkpoints.json to local pretrained_checkpoint_sagemaker/agent/deepracer_checkpoints.json.
[s3] Successfully uploaded temp coach checkpoint to                   s3 bucket aws-deepracer-data-us-east-1-1 with s3 key data-4372c5a4-77df-4429-8419-6a8abe70a542/models/006db80a-7092-409c-82e6-763636bb344a/sagemaker-robomaker-artifacts/model/.coach_checkpoint.
[s3] Successfully downloaded 18_Step-12908.ckpt.data-00000-of-00001 from                  s3 key data-4372c5a4-77df-4429-8419-6a8abe70a542/models/006db80a-7092-409c-82e6-763636bb344a/sagemaker-robomaker-artifacts/model/18_Step-12908.ckpt.data-00000-of-00001 to local pretrained_checkpoint_sagemaker/agent/18_Step-12908.ckpt.data-00000-of-00001.
[s3] Successfully downloaded 18_Step-12908.ckpt.index from                  s3 key data-4372c5a4-77df-4429-8419-6a8abe70a542/models/006db80a-7092-409c-82e6-763636bb344a/sagemaker-robomaker-artifacts/model/18_Step-12908.ckpt.index to local pretrained_checkpoint_sagemaker/agent/18_Step-12908.ckpt.index.
[s3] Successfully downloaded 18_Step-12908.ckpt.meta from                  s3 key data-4372c5a4-77df-4429-8419-6a8abe70a542/models/006db80a-7092-409c-82e6-763636bb344a/sagemaker-robomaker-artifacts/model/18_Step-12908.ckpt.meta to local pretrained_checkpoint_sagemaker/agent/18_Step-12908.ckpt.meta.
[s3] Successfully downloaded .ready from                  s3 key data-4372c5a4-77df-4429-8419-6a8abe70a542/models/006db80a-7092-409c-82e6-763636bb344a/sagemaker-robomaker-artifacts/model/.ready to local pretrained_checkpoint_sagemaker/agent/.ready.
## Creating graph - name: MultiAgentGraphManager
## Start physics before creating graph
## Create graph
## Creating agent - name: agent
[RL] Created agent loggers
[RL] Dynamic import of memory:  "DeepRacerMemoryParameters" {
    "load_memory_from_file_path": null,
    "max_size": [
        "<MemoryGranularity.Transitions: 0>",
        1000000
    ],
    "n_step": -1,
    "shared_memory": false,
    "train_to_eval_ratio": 1
}
[RL] Dynamically imported of memory <markov.memories.deepracer_memory.DeepRacerMemory object at 0x7f3d66caf580>
[RL] Setting devices
[RL] Setting filters
[RL] Setting filter devices: numpy
[RL] Setting Phase
[RL] After setting Phase
[RL] Setting signals
[RL] Agent init successful
[RL] ActorCriticAgent init
[RL] ActorCriticAgent  init successful
## Created agent: agent
/root/anaconda/envs/sagemaker_env/lib/python3.8/site-packages/rl_coach/architectures/tensorflow_components/layers.py:119: UserWarning: `tf.layers.conv2d` is deprecated and will be removed in a future version. Please Use `tf.keras.layers.Conv2D` instead.
  return tf.compat.v1.layers.conv2d(input_layer, filters=self.num_filters, kernel_size=self.kernel_size,
/root/anaconda/envs/sagemaker_env/lib/python3.8/site-packages/rl_coach/architectures/tensorflow_components/layers.py:181: UserWarning: `tf.layers.dense` is deprecated and will be removed in a future version. Please use `tf.keras.layers.Dense` instead.
  return tf.compat.v1.layers.dense(input_layer, self.units, name=name, kernel_initializer=kernel_initializer,
/root/anaconda/envs/sagemaker_env/lib/python3.8/site-packages/rl_coach/architectures/tensorflow_components/layers.py:181: UserWarning: `tf.layers.dense` is deprecated and will be removed in a future version. Please use `tf.keras.layers.Dense` instead.
  return tf.compat.v1.layers.dense(input_layer, self.units, name=name, kernel_initializer=kernel_initializer,
/root/anaconda/envs/sagemaker_env/lib/python3.8/site-packages/rl_coach/architectures/tensorflow_components/layers.py:119: UserWarning: `tf.layers.conv2d` is deprecated and will be removed in a future version. Please Use `tf.keras.layers.Conv2D` instead.
  return tf.compat.v1.layers.conv2d(input_layer, filters=self.num_filters, kernel_size=self.kernel_size,
## Stop physics after creating graph
## Creating session
Checkpoint> Restoring from path=./pretrained_checkpoint_sagemaker/agent/18_Step-12908.ckpt
Checkpoint> Saving in path=['./checkpoint_sagemaker/agent/19_Step-0.ckpt']
[s3] Successfully uploaded .lock to                      s3 bucket aws-deepracer-data-us-east-1-1 with s3 key data-4372c5a4-77df-4429-8419-6a8abe70a542/models/c01ee123-f9f7-4c4e-8bf9-6fa1c478f601/sagemaker-robomaker-artifacts/model/.lock.
Uploaded 3 files for checkpoint 19
[s3] Successfully uploaded coach checkpoint to                   s3 bucket aws-deepracer-data-us-east-1-1 with s3 key data-4372c5a4-77df-4429-8419-6a8abe70a542/models/c01ee123-f9f7-4c4e-8bf9-6fa1c478f601/sagemaker-robomaker-artifacts/model/.coach_checkpoint.
Unable to find deepracer checkpoint json
Unable to find the best deepracer checkpoint number. Getting the last checkpoint number
Unable to find deepracer checkpoint json
Unable to find the last deepracer checkpoint number.
Unable to find deepracer checkpoint json
Unable to find the last deepracer checkpoint number.
saved intermediate frozen graph: data-4372c5a4-77df-4429-8419-6a8abe70a542/models/c01ee123-f9f7-4c4e-8bf9-6fa1c478f601/sagemaker-robomaker-artifacts/model/model_19.pb
Best checkpoint number: -1, Last checkpoint number: -1
Copying the frozen checkpoint from ./frozen_models/agent/model_19.pb to /opt/ml/model/agent/model.pb.
Unable to find deepracer checkpoint json
[s3] Successfully uploaded .lock to                      s3 bucket aws-deepracer-data-us-east-1-1 with s3 key data-4372c5a4-77df-4429-8419-6a8abe70a542/models/c01ee123-f9f7-4c4e-8bf9-6fa1c478f601/sagemaker-robomaker-artifacts/model/.lock.
[s3] Successfully uploaded .ready to                      s3 bucket aws-deepracer-data-us-east-1-1 with s3 key data-4372c5a4-77df-4429-8419-6a8abe70a542/models/c01ee123-f9f7-4c4e-8bf9-6fa1c478f601/sagemaker-robomaker-artifacts/model/.ready.
DoorMan: installing SIGINT, SIGTERM
Training> Name=main_level/agent, Worker=0, Episode=1, Total reward=0, Steps=40, Training iteration=0
Training> Name=main_level/agent, Worker=0, Episode=2, Total reward=0, Steps=76, Training iteration=0
Training> Name=main_level/agent, Worker=0, Episode=3, Total reward=0, Steps=109, Training iteration=0
Training> Name=main_level/agent, Worker=0, Episode=4, Total reward=0, Steps=141, Training iteration=0
Training> Name=main_level/agent, Worker=0, Episode=5, Total reward=0, Steps=192, Training iteration=0
Training> Name=main_level/agent, Worker=0, Episode=6, Total reward=0, Steps=238, Training iteration=0
Training> Name=main_level/agent, Worker=0, Episode=7, Total reward=0, Steps=377, Training iteration=0
Training> Name=main_level/agent, Worker=0, Episode=8, Total reward=0, Steps=421, Training iteration=0
Training> Name=main_level/agent, Worker=0, Episode=9, Total reward=0, Steps=465, Training iteration=0
Training> Name=main_level/agent, Worker=0, Episode=10, Total reward=0, Steps=585, Training iteration=0
Training> Name=main_level/agent, Worker=0, Episode=11, Total reward=0, Steps=619, Training iteration=0
Training> Name=main_level/agent, Worker=0, Episode=12, Total reward=0, Steps=651, Training iteration=0
Training> Name=main_level/agent, Worker=0, Episode=13, Total reward=0, Steps=677, Training iteration=0
Training> Name=main_level/agent, Worker=0, Episode=14, Total reward=0, Steps=720, Training iteration=0
Training> Name=main_level/agent, Worker=0, Episode=15, Total reward=0, Steps=763, Training iteration=0
Training> Name=main_level/agent, Worker=0, Episode=16, Total reward=0, Steps=796, Training iteration=0
Training> Name=main_level/agent, Worker=0, Episode=17, Total reward=0, Steps=946, Training iteration=0
Training> Name=main_level/agent, Worker=0, Episode=18, Total reward=0, Steps=1020, Training iteration=0
Training> Name=main_level/agent, Worker=0, Episode=19, Total reward=0, Steps=1083, Training iteration=0
Training> Name=main_level/agent, Worker=0, Episode=20, Total reward=0, Steps=1145, Training iteration=0
Policy training> Surrogate loss=0.007944843731820583, KL divergence=0.022946231067180634, Entropy=2.7767746448516846, training epoch=0, learning_rate=0.00025
Policy training> Surrogate loss=0.004777854774147272, KL divergence=0.034331679344177246, Entropy=2.774040937423706, training epoch=1, learning_rate=0.00025
Policy training> Surrogate loss=-0.020862609148025513, KL divergence=0.024388309568166733, Entropy=2.771925926208496, training epoch=2, learning_rate=0.00025
Policy training> Surrogate loss=-0.04553728178143501, KL divergence=0.0337960384786129, Entropy=2.7705745697021484, training epoch=3, learning_rate=0.00025
Policy training> Surrogate loss=-0.03558193892240524, KL divergence=0.034898970276117325, Entropy=2.769207715988159, training epoch=4, learning_rate=0.00025
Policy training> Surrogate loss=-0.038965463638305664, KL divergence=0.031954336911439896, Entropy=2.767183780670166, training epoch=5, learning_rate=0.00025
Policy training> Surrogate loss=-0.07127269357442856, KL divergence=0.047259971499443054, Entropy=2.7659664154052734, training epoch=6, learning_rate=0.00025
Policy training> Surrogate loss=-0.05093035101890564, KL divergence=0.03966284170746803, Entropy=2.764147996902466, training epoch=7, learning_rate=0.00025
Checkpoint> Saving in path=['./checkpoint_sagemaker/agent/20_Step-1145.ckpt']
[s3] Successfully uploaded .lock to                      s3 bucket aws-deepracer-data-us-east-1-1 with s3 key data-4372c5a4-77df-4429-8419-6a8abe70a542/models/c01ee123-f9f7-4c4e-8bf9-6fa1c478f601/sagemaker-robomaker-artifacts/model/.lock.
Uploaded 3 files for checkpoint 20
[s3] Successfully uploaded coach checkpoint to                   s3 bucket aws-deepracer-data-us-east-1-1 with s3 key data-4372c5a4-77df-4429-8419-6a8abe70a542/models/c01ee123-f9f7-4c4e-8bf9-6fa1c478f601/sagemaker-robomaker-artifacts/model/.coach_checkpoint.
[s3] Successfully downloaded deepracer checkpoint json from                  s3 key data-4372c5a4-77df-4429-8419-6a8abe70a542/models/c01ee123-f9f7-4c4e-8bf9-6fa1c478f601/sagemaker-robomaker-artifacts/model/deepracer_checkpoints.json to local checkpoint_sagemaker/agent/deepracer_checkpoints.json.
[s3] Successfully downloaded deepracer checkpoint json from                  s3 key data-4372c5a4-77df-4429-8419-6a8abe70a542/models/c01ee123-f9f7-4c4e-8bf9-6fa1c478f601/sagemaker-robomaker-artifacts/model/deepracer_checkpoints.json to local checkpoint_sagemaker/agent/deepracer_checkpoints.json.
saved intermediate frozen graph: data-4372c5a4-77df-4429-8419-6a8abe70a542/models/c01ee123-f9f7-4c4e-8bf9-6fa1c478f601/sagemaker-robomaker-artifacts/model/model_20.pb
Best checkpoint number: 19, Last checkpoint number: 19
Copying the frozen checkpoint from ./frozen_models/agent/model_19.pb to /opt/ml/model/agent/model.pb.
[s3] Successfully downloaded deepracer checkpoint json from                  s3 key data-4372c5a4-77df-4429-8419-6a8abe70a542/models/c01ee123-f9f7-4c4e-8bf9-6fa1c478f601/sagemaker-robomaker-artifacts/model/deepracer_checkpoints.json to local checkpoint_sagemaker/agent/deepracer_checkpoints.json.
Training> Name=main_level/agent, Worker=0, Episode=21, Total reward=0, Steps=1182, Training iteration=1
Training> Name=main_level/agent, Worker=0, Episode=22, Total reward=0, Steps=1236, Training iteration=1
Training> Name=main_level/agent, Worker=0, Episode=23, Total reward=0, Steps=1272, Training iteration=1
Training> Name=main_level/agent, Worker=0, Episode=24, Total reward=0, Steps=1297, Training iteration=1
Training> Name=main_level/agent, Worker=0, Episode=25, Total reward=0, Steps=1325, Training iteration=1
Training> Name=main_level/agent, Worker=0, Episode=26, Total reward=0, Steps=1458, Training iteration=1
Training> Name=main_level/agent, Worker=0, Episode=27, Total reward=0, Steps=1479, Training iteration=1
Training> Name=main_level/agent, Worker=0, Episode=28, Total reward=0, Steps=1496, Training iteration=1
Training> Name=main_level/agent, Worker=0, Episode=29, Total reward=0, Steps=1546, Training iteration=1
Training> Name=main_level/agent, Worker=0, Episode=30, Total reward=0, Steps=1635, Training iteration=1
Training> Name=main_level/agent, Worker=0, Episode=31, Total reward=0, Steps=1681, Training iteration=1
Training> Name=main_level/agent, Worker=0, Episode=32, Total reward=0, Steps=1714, Training iteration=1
Training> Name=main_level/agent, Worker=0, Episode=33, Total reward=0, Steps=1757, Training iteration=1
Training> Name=main_level/agent, Worker=0, Episode=34, Total reward=0, Steps=1773, Training iteration=1
Training> Name=main_level/agent, Worker=0, Episode=35, Total reward=0, Steps=1789, Training iteration=1
Training> Name=main_level/agent, Worker=0, Episode=36, Total reward=0, Steps=1829, Training iteration=1
Training> Name=main_level/agent, Worker=0, Episode=37, Total reward=0, Steps=1899, Training iteration=1
Training> Name=main_level/agent, Worker=0, Episode=38, Total reward=0, Steps=1981, Training iteration=1
Training> Name=main_level/agent, Worker=0, Episode=39, Total reward=0, Steps=2032, Training iteration=1
Training> Name=main_level/agent, Worker=0, Episode=40, Total reward=0, Steps=2092, Training iteration=1
Policy training> Surrogate loss=0.011703873984515667, KL divergence=0.020319458097219467, Entropy=2.7623493671417236, training epoch=0, learning_rate=0.00025
Policy training> Surrogate loss=-0.017301075160503387, KL divergence=0.03830081969499588, Entropy=2.761415958404541, training epoch=1, learning_rate=0.00025
Policy training> Surrogate loss=-0.032885707914829254, KL divergence=0.034962866455316544, Entropy=2.7603745460510254, training epoch=2, learning_rate=0.00025
Policy training> Surrogate loss=-0.05290719121694565, KL divergence=0.023407593369483948, Entropy=2.7598042488098145, training epoch=3, learning_rate=0.00025
Policy training> Surrogate loss=-0.05508578196167946, KL divergence=0.032181039452552795, Entropy=2.759171724319458, training epoch=4, learning_rate=0.00025
Policy training> Surrogate loss=-0.0840490311384201, KL divergence=0.030964268371462822, Entropy=2.758113145828247, training epoch=5, learning_rate=0.00025
Policy training> Surrogate loss=-0.07077769190073013, KL divergence=0.041600823402404785, Entropy=2.7566816806793213, training epoch=6, learning_rate=0.00025
Policy training> Surrogate loss=-0.07552117854356766, KL divergence=0.03792409971356392, Entropy=2.7553532123565674, training epoch=7, learning_rate=0.00025
Checkpoint> Saving in path=['./checkpoint_sagemaker/agent/21_Step-2092.ckpt']
[s3] Successfully uploaded .lock to                      s3 bucket aws-deepracer-data-us-east-1-1 with s3 key data-4372c5a4-77df-4429-8419-6a8abe70a542/models/c01ee123-f9f7-4c4e-8bf9-6fa1c478f601/sagemaker-robomaker-artifacts/model/.lock.
Uploaded 3 files for checkpoint 21
[s3] Successfully uploaded coach checkpoint to                   s3 bucket aws-deepracer-data-us-east-1-1 with s3 key data-4372c5a4-77df-4429-8419-6a8abe70a542/models/c01ee123-f9f7-4c4e-8bf9-6fa1c478f601/sagemaker-robomaker-artifacts/model/.coach_checkpoint.
[s3] Successfully downloaded deepracer checkpoint json from                  s3 key data-4372c5a4-77df-4429-8419-6a8abe70a542/models/c01ee123-f9f7-4c4e-8bf9-6fa1c478f601/sagemaker-robomaker-artifacts/model/deepracer_checkpoints.json to local checkpoint_sagemaker/agent/deepracer_checkpoints.json.
[s3] Successfully downloaded deepracer checkpoint json from                  s3 key data-4372c5a4-77df-4429-8419-6a8abe70a542/models/c01ee123-f9f7-4c4e-8bf9-6fa1c478f601/sagemaker-robomaker-artifacts/model/deepracer_checkpoints.json to local checkpoint_sagemaker/agent/deepracer_checkpoints.json.
saved intermediate frozen graph: data-4372c5a4-77df-4429-8419-6a8abe70a542/models/c01ee123-f9f7-4c4e-8bf9-6fa1c478f601/sagemaker-robomaker-artifacts/model/model_21.pb
Best checkpoint number: 19, Last checkpoint number: 19
Copying the frozen checkpoint from ./frozen_models/agent/model_19.pb to /opt/ml/model/agent/model.pb.
[s3] Successfully downloaded deepracer checkpoint json from                  s3 key data-4372c5a4-77df-4429-8419-6a8abe70a542/models/c01ee123-f9f7-4c4e-8bf9-6fa1c478f601/sagemaker-robomaker-artifacts/model/deepracer_checkpoints.json to local checkpoint_sagemaker/agent/deepracer_checkpoints.json.
Training> Name=main_level/agent, Worker=0, Episode=41, Total reward=0, Steps=2127, Training iteration=2
Training> Name=main_level/agent, Worker=0, Episode=42, Total reward=0, Steps=2193, Training iteration=2
Training> Name=main_level/agent, Worker=0, Episode=43, Total reward=0, Steps=2231, Training iteration=2
Training> Name=main_level/agent, Worker=0, Episode=44, Total reward=0, Steps=2264, Training iteration=2
Training> Name=main_level/agent, Worker=0, Episode=45, Total reward=0, Steps=2288, Training iteration=2
Training> Name=main_level/agent, Worker=0, Episode=46, Total reward=0, Steps=2330, Training iteration=2
Training> Name=main_level/agent, Worker=0, Episode=47, Total reward=0, Steps=2372, Training iteration=2
Training> Name=main_level/agent, Worker=0, Episode=48, Total reward=0, Steps=2517, Training iteration=2
Training> Name=main_level/agent, Worker=0, Episode=49, Total reward=0, Steps=2567, Training iteration=2
Training> Name=main_level/agent, Worker=0, Episode=50, Total reward=0, Steps=2622, Training iteration=2
Training> Name=main_level/agent, Worker=0, Episode=51, Total reward=0, Steps=2668, Training iteration=2
Training> Name=main_level/agent, Worker=0, Episode=52, Total reward=0, Steps=2711, Training iteration=2
Training> Name=main_level/agent, Worker=0, Episode=53, Total reward=0, Steps=2741, Training iteration=2
Training> Name=main_level/agent, Worker=0, Episode=54, Total reward=0, Steps=2754, Training iteration=2
Training> Name=main_level/agent, Worker=0, Episode=55, Total reward=0, Steps=2794, Training iteration=2
Training> Name=main_level/agent, Worker=0, Episode=56, Total reward=0, Steps=2889, Training iteration=2
Training> Name=main_level/agent, Worker=0, Episode=57, Total reward=0, Steps=2929, Training iteration=2
Training> Name=main_level/agent, Worker=0, Episode=58, Total reward=0, Steps=3016, Training iteration=2
Training> Name=main_level/agent, Worker=0, Episode=59, Total reward=0, Steps=3068, Training iteration=2
Training> Name=main_level/agent, Worker=0, Episode=60, Total reward=0, Steps=3134, Training iteration=2
Policy training> Surrogate loss=0.019571278244256973, KL divergence=0.039992623031139374, Entropy=2.7534968852996826, training epoch=0, learning_rate=0.00025
Policy training> Surrogate loss=-0.011194459162652493, KL divergence=0.03610127419233322, Entropy=2.7508132457733154, training epoch=1, learning_rate=0.00025
Policy training> Surrogate loss=-0.03277600556612015, KL divergence=0.03547567129135132, Entropy=2.7472314834594727, training epoch=2, learning_rate=0.00025
Policy training> Surrogate loss=-0.03364953398704529, KL divergence=0.03281610831618309, Entropy=2.7448835372924805, training epoch=3, learning_rate=0.00025
Policy training> Surrogate loss=-0.045391496270895004, KL divergence=0.036642950028181076, Entropy=2.7419071197509766, training epoch=4, learning_rate=0.00025
Policy training> Surrogate loss=-0.05437368154525757, KL divergence=0.04814530164003372, Entropy=2.7393507957458496, training epoch=5, learning_rate=0.00025
Policy training> Surrogate loss=-0.052055299282073975, KL divergence=0.03947853296995163, Entropy=2.73652982711792, training epoch=6, learning_rate=0.00025
Policy training> Surrogate loss=-0.0658908411860466, KL divergence=0.03997977823019028, Entropy=2.73297119140625, training epoch=7, learning_rate=0.00025
Checkpoint> Saving in path=['./checkpoint_sagemaker/agent/22_Step-3134.ckpt']
[s3] Successfully uploaded .lock to                      s3 bucket aws-deepracer-data-us-east-1-1 with s3 key data-4372c5a4-77df-4429-8419-6a8abe70a542/models/c01ee123-f9f7-4c4e-8bf9-6fa1c478f601/sagemaker-robomaker-artifacts/model/.lock.
Uploaded 3 files for checkpoint 22
[s3] Successfully uploaded coach checkpoint to                   s3 bucket aws-deepracer-data-us-east-1-1 with s3 key data-4372c5a4-77df-4429-8419-6a8abe70a542/models/c01ee123-f9f7-4c4e-8bf9-6fa1c478f601/sagemaker-robomaker-artifacts/model/.coach_checkpoint.
[s3] Successfully downloaded deepracer checkpoint json from                  s3 key data-4372c5a4-77df-4429-8419-6a8abe70a542/models/c01ee123-f9f7-4c4e-8bf9-6fa1c478f601/sagemaker-robomaker-artifacts/model/deepracer_checkpoints.json to local checkpoint_sagemaker/agent/deepracer_checkpoints.json.
[s3] Successfully downloaded deepracer checkpoint json from                  s3 key data-4372c5a4-77df-4429-8419-6a8abe70a542/models/c01ee123-f9f7-4c4e-8bf9-6fa1c478f601/sagemaker-robomaker-artifacts/model/deepracer_checkpoints.json to local checkpoint_sagemaker/agent/deepracer_checkpoints.json.
saved intermediate frozen graph: data-4372c5a4-77df-4429-8419-6a8abe70a542/models/c01ee123-f9f7-4c4e-8bf9-6fa1c478f601/sagemaker-robomaker-artifacts/model/model_22.pb
Best checkpoint number: 19, Last checkpoint number: 20
Copying the frozen checkpoint from ./frozen_models/agent/model_19.pb to /opt/ml/model/agent/model.pb.
[s3] Successfully downloaded deepracer checkpoint json from                  s3 key data-4372c5a4-77df-4429-8419-6a8abe70a542/models/c01ee123-f9f7-4c4e-8bf9-6fa1c478f601/sagemaker-robomaker-artifacts/model/deepracer_checkpoints.json to local checkpoint_sagemaker/agent/deepracer_checkpoints.json.
Training> Name=main_level/agent, Worker=0, Episode=61, Total reward=0, Steps=3198, Training iteration=3
Training> Name=main_level/agent, Worker=0, Episode=62, Total reward=0, Steps=3249, Training iteration=3
Training> Name=main_level/agent, Worker=0, Episode=63, Total reward=0, Steps=3282, Training iteration=3
Training> Name=main_level/agent, Worker=0, Episode=64, Total reward=0, Steps=3310, Training iteration=3
Training> Name=main_level/agent, Worker=0, Episode=65, Total reward=0, Steps=3336, Training iteration=3
Training> Name=main_level/agent, Worker=0, Episode=66, Total reward=0, Steps=3426, Training iteration=3
Training> Name=main_level/agent, Worker=0, Episode=67, Total reward=0, Steps=3449, Training iteration=3
Training> Name=main_level/agent, Worker=0, Episode=68, Total reward=0, Steps=3517, Training iteration=3
Training> Name=main_level/agent, Worker=0, Episode=69, Total reward=0, Steps=3553, Training iteration=3
Training> Name=main_level/agent, Worker=0, Episode=70, Total reward=0, Steps=3570, Training iteration=3
Training> Name=main_level/agent, Worker=0, Episode=71, Total reward=0, Steps=3596, Training iteration=3
Training> Name=main_level/agent, Worker=0, Episode=72, Total reward=0, Steps=3638, Training iteration=3
Training> Name=main_level/agent, Worker=0, Episode=73, Total reward=0, Steps=3667, Training iteration=3
Training> Name=main_level/agent, Worker=0, Episode=74, Total reward=0, Steps=3754, Training iteration=3
Training> Name=main_level/agent, Worker=0, Episode=75, Total reward=0, Steps=3867, Training iteration=3
Training> Name=main_level/agent, Worker=0, Episode=76, Total reward=0, Steps=3943, Training iteration=3
Training> Name=main_level/agent, Worker=0, Episode=77, Total reward=0, Steps=4020, Training iteration=3
Training> Name=main_level/agent, Worker=0, Episode=78, Total reward=0, Steps=4090, Training iteration=3
Training> Name=main_level/agent, Worker=0, Episode=79, Total reward=0, Steps=4151, Training iteration=3
Training> Name=main_level/agent, Worker=0, Episode=80, Total reward=0, Steps=4207, Training iteration=3
Policy training> Surrogate loss=0.012659802101552486, KL divergence=0.02926298975944519, Entropy=2.7307753562927246, training epoch=0, learning_rate=0.00025
Policy training> Surrogate loss=-0.004289036616683006, KL divergence=0.04024481773376465, Entropy=2.730292320251465, training epoch=1, learning_rate=0.00025
Policy training> Surrogate loss=-0.027241192758083344, KL divergence=0.03689694404602051, Entropy=2.7302584648132324, training epoch=2, learning_rate=0.00025
Policy training> Surrogate loss=-0.038962118327617645, KL divergence=0.04357477277517319, Entropy=2.730079174041748, training epoch=3, learning_rate=0.00025
Policy training> Surrogate loss=-0.060433659702539444, KL divergence=0.0348697230219841, Entropy=2.7301931381225586, training epoch=4, learning_rate=0.00025
Policy training> Surrogate loss=-0.05232711136341095, KL divergence=0.03698096051812172, Entropy=2.729724645614624, training epoch=5, learning_rate=0.00025
Policy training> Surrogate loss=-0.05661892890930176, KL divergence=0.04185780882835388, Entropy=2.7281618118286133, training epoch=6, learning_rate=0.00025
Policy training> Surrogate loss=-0.06571391969919205, KL divergence=0.04320124536752701, Entropy=2.7272591590881348, training epoch=7, learning_rate=0.00025
Checkpoint> Saving in path=['./checkpoint_sagemaker/agent/23_Step-4207.ckpt']
[s3] Successfully uploaded .lock to                      s3 bucket aws-deepracer-data-us-east-1-1 with s3 key data-4372c5a4-77df-4429-8419-6a8abe70a542/models/c01ee123-f9f7-4c4e-8bf9-6fa1c478f601/sagemaker-robomaker-artifacts/model/.lock.
Uploaded 3 files for checkpoint 23
[s3] Successfully uploaded coach checkpoint to                   s3 bucket aws-deepracer-data-us-east-1-1 with s3 key data-4372c5a4-77df-4429-8419-6a8abe70a542/models/c01ee123-f9f7-4c4e-8bf9-6fa1c478f601/sagemaker-robomaker-artifacts/model/.coach_checkpoint.
[s3] Successfully downloaded deepracer checkpoint json from                  s3 key data-4372c5a4-77df-4429-8419-6a8abe70a542/models/c01ee123-f9f7-4c4e-8bf9-6fa1c478f601/sagemaker-robomaker-artifacts/model/deepracer_checkpoints.json to local checkpoint_sagemaker/agent/deepracer_checkpoints.json.
[s3] Successfully downloaded deepracer checkpoint json from                  s3 key data-4372c5a4-77df-4429-8419-6a8abe70a542/models/c01ee123-f9f7-4c4e-8bf9-6fa1c478f601/sagemaker-robomaker-artifacts/model/deepracer_checkpoints.json to local checkpoint_sagemaker/agent/deepracer_checkpoints.json.
saved intermediate frozen graph: data-4372c5a4-77df-4429-8419-6a8abe70a542/models/c01ee123-f9f7-4c4e-8bf9-6fa1c478f601/sagemaker-robomaker-artifacts/model/model_23.pb
Best checkpoint number: 19, Last checkpoint number: 21
Copying the frozen checkpoint from ./frozen_models/agent/model_19.pb to /opt/ml/model/agent/model.pb.
[s3] Successfully downloaded deepracer checkpoint json from                  s3 key data-4372c5a4-77df-4429-8419-6a8abe70a542/models/c01ee123-f9f7-4c4e-8bf9-6fa1c478f601/sagemaker-robomaker-artifacts/model/deepracer_checkpoints.json to local checkpoint_sagemaker/agent/deepracer_checkpoints.json.
Deleting the frozen models in s3 for the iterations: {'20'}
Training> Name=main_level/agent, Worker=0, Episode=81, Total reward=0, Steps=4265, Training iteration=4
Training> Name=main_level/agent, Worker=0, Episode=82, Total reward=0, Steps=4299, Training iteration=4
Training> Name=main_level/agent, Worker=0, Episode=83, Total reward=0, Steps=4338, Training iteration=4
Training> Name=main_level/agent, Worker=0, Episode=84, Total reward=0, Steps=4402, Training iteration=4
Training> Name=main_level/agent, Worker=0, Episode=85, Total reward=0, Steps=4429, Training iteration=4
Training> Name=main_level/agent, Worker=0, Episode=86, Total reward=0, Steps=4457, Training iteration=4
Training> Name=main_level/agent, Worker=0, Episode=87, Total reward=0, Steps=4490, Training iteration=4
Training> Name=main_level/agent, Worker=0, Episode=88, Total reward=0, Steps=4561, Training iteration=4
Training> Name=main_level/agent, Worker=0, Episode=89, Total reward=0, Steps=4616, Training iteration=4
Training> Name=main_level/agent, Worker=0, Episode=90, Total reward=0, Steps=4660, Training iteration=4
Training> Name=main_level/agent, Worker=0, Episode=91, Total reward=0, Steps=4707, Training iteration=4
Training> Name=main_level/agent, Worker=0, Episode=92, Total reward=0, Steps=4750, Training iteration=4
Training> Name=main_level/agent, Worker=0, Episode=93, Total reward=0, Steps=4786, Training iteration=4
Training> Name=main_level/agent, Worker=0, Episode=94, Total reward=0, Steps=4834, Training iteration=4
Training> Name=main_level/agent, Worker=0, Episode=95, Total reward=0, Steps=4853, Training iteration=4
Training> Name=main_level/agent, Worker=0, Episode=96, Total reward=0, Steps=4926, Training iteration=4
Training> Name=main_level/agent, Worker=0, Episode=97, Total reward=0, Steps=5004, Training iteration=4
Training> Name=main_level/agent, Worker=0, Episode=98, Total reward=0, Steps=5073, Training iteration=4
Training> Name=main_level/agent, Worker=0, Episode=99, Total reward=0, Steps=5109, Training iteration=4
Training> Name=main_level/agent, Worker=0, Episode=100, Total reward=0, Steps=5169, Training iteration=4
Policy training> Surrogate loss=0.0017992766806855798, KL divergence=0.014517533592879772, Entropy=2.726496696472168, training epoch=0, learning_rate=0.00025
Policy training> Surrogate loss=-0.01613580994307995, KL divergence=0.06275525689125061, Entropy=2.7252695560455322, training epoch=1, learning_rate=0.00025
Policy training> Surrogate loss=-0.03829158842563629, KL divergence=0.0450153686106205, Entropy=2.725642204284668, training epoch=2, learning_rate=0.00025
Policy training> Surrogate loss=-0.050302691757678986, KL divergence=0.05567294359207153, Entropy=2.725247859954834, training epoch=3, learning_rate=0.00025
Policy training> Surrogate loss=-0.06041800230741501, KL divergence=0.054606303572654724, Entropy=2.7235612869262695, training epoch=4, learning_rate=0.00025
Policy training> Surrogate loss=-0.06490644812583923, KL divergence=0.061714187264442444, Entropy=2.7213962078094482, training epoch=5, learning_rate=0.00025
Policy training> Surrogate loss=-0.07251158356666565, KL divergence=0.06729710102081299, Entropy=2.719174861907959, training epoch=6, learning_rate=0.00025
Policy training> Surrogate loss=-0.06999433040618896, KL divergence=0.07223834842443466, Entropy=2.717694044113159, training epoch=7, learning_rate=0.00025
Checkpoint> Saving in path=['./checkpoint_sagemaker/agent/24_Step-5169.ckpt']
[s3] Successfully uploaded .lock to                      s3 bucket aws-deepracer-data-us-east-1-1 with s3 key data-4372c5a4-77df-4429-8419-6a8abe70a542/models/c01ee123-f9f7-4c4e-8bf9-6fa1c478f601/sagemaker-robomaker-artifacts/model/.lock.
Uploaded 3 files for checkpoint 24
[s3] Successfully uploaded coach checkpoint to                   s3 bucket aws-deepracer-data-us-east-1-1 with s3 key data-4372c5a4-77df-4429-8419-6a8abe70a542/models/c01ee123-f9f7-4c4e-8bf9-6fa1c478f601/sagemaker-robomaker-artifacts/model/.coach_checkpoint.
[s3] Successfully downloaded deepracer checkpoint json from                  s3 key data-4372c5a4-77df-4429-8419-6a8abe70a542/models/c01ee123-f9f7-4c4e-8bf9-6fa1c478f601/sagemaker-robomaker-artifacts/model/deepracer_checkpoints.json to local checkpoint_sagemaker/agent/deepracer_checkpoints.json.
[s3] Successfully downloaded deepracer checkpoint json from                  s3 key data-4372c5a4-77df-4429-8419-6a8abe70a542/models/c01ee123-f9f7-4c4e-8bf9-6fa1c478f601/sagemaker-robomaker-artifacts/model/deepracer_checkpoints.json to local checkpoint_sagemaker/agent/deepracer_checkpoints.json.
saved intermediate frozen graph: data-4372c5a4-77df-4429-8419-6a8abe70a542/models/c01ee123-f9f7-4c4e-8bf9-6fa1c478f601/sagemaker-robomaker-artifacts/model/model_24.pb
Best checkpoint number: 19, Last checkpoint number: 22
Copying the frozen checkpoint from ./frozen_models/agent/model_19.pb to /opt/ml/model/agent/model.pb.
[s3] Successfully downloaded deepracer checkpoint json from                  s3 key data-4372c5a4-77df-4429-8419-6a8abe70a542/models/c01ee123-f9f7-4c4e-8bf9-6fa1c478f601/sagemaker-robomaker-artifacts/model/deepracer_checkpoints.json to local checkpoint_sagemaker/agent/deepracer_checkpoints.json.
Deleting the frozen models in s3 for the iterations: {'21'}
Training> Name=main_level/agent, Worker=0, Episode=101, Total reward=0, Steps=5214, Training iteration=5
Training> Name=main_level/agent, Worker=0, Episode=102, Total reward=0, Steps=5265, Training iteration=5
Training> Name=main_level/agent, Worker=0, Episode=103, Total reward=0, Steps=5281, Training iteration=5
Training> Name=main_level/agent, Worker=0, Episode=104, Total reward=0, Steps=5407, Training iteration=5
Training> Name=main_level/agent, Worker=0, Episode=105, Total reward=0, Steps=5438, Training iteration=5
Training> Name=main_level/agent, Worker=0, Episode=106, Total reward=0, Steps=5468, Training iteration=5
Training> Name=main_level/agent, Worker=0, Episode=107, Total reward=0, Steps=5495, Training iteration=5
Training> Name=main_level/agent, Worker=0, Episode=108, Total reward=0, Steps=5517, Training iteration=5
Training> Name=main_level/agent, Worker=0, Episode=109, Total reward=0, Steps=5560, Training iteration=5
Training> Name=main_level/agent, Worker=0, Episode=110, Total reward=0, Steps=5590, Training iteration=5
Training> Name=main_level/agent, Worker=0, Episode=111, Total reward=0, Steps=5648, Training iteration=5
Training> Name=main_level/agent, Worker=0, Episode=112, Total reward=0, Steps=5712, Training iteration=5
Training> Name=main_level/agent, Worker=0, Episode=113, Total reward=0, Steps=5732, Training iteration=5
Training> Name=main_level/agent, Worker=0, Episode=114, Total reward=0, Steps=5779, Training iteration=5
Training> Name=main_level/agent, Worker=0, Episode=115, Total reward=0, Steps=5832, Training iteration=5
Training> Name=main_level/agent, Worker=0, Episode=116, Total reward=0, Steps=5924, Training iteration=5
Training> Name=main_level/agent, Worker=0, Episode=117, Total reward=0, Steps=6001, Training iteration=5
Training> Name=main_level/agent, Worker=0, Episode=118, Total reward=0, Steps=6024, Training iteration=5
Training> Name=main_level/agent, Worker=0, Episode=119, Total reward=0, Steps=6090, Training iteration=5
Training> Name=main_level/agent, Worker=0, Episode=120, Total reward=0, Steps=6149, Training iteration=5
Policy training> Surrogate loss=0.022082149982452393, KL divergence=0.051525529474020004, Entropy=2.7158279418945312, training epoch=0, learning_rate=0.00025
Policy training> Surrogate loss=-0.007177636027336121, KL divergence=0.07586650550365448, Entropy=2.7166006565093994, training epoch=1, learning_rate=0.00025
Policy training> Surrogate loss=-0.04449897259473801, KL divergence=0.04285309463739395, Entropy=2.7172305583953857, training epoch=2, learning_rate=0.00025
Policy training> Surrogate loss=-0.05042646825313568, KL divergence=0.0622498020529747, Entropy=2.7167632579803467, training epoch=3, learning_rate=0.00025
Policy training> Surrogate loss=-0.0590667799115181, KL divergence=0.05613105371594429, Entropy=2.717151641845703, training epoch=4, learning_rate=0.00025
Policy training> Surrogate loss=-0.06725213676691055, KL divergence=0.05373351275920868, Entropy=2.716374158859253, training epoch=5, learning_rate=0.00025
Policy training> Surrogate loss=-0.07892794907093048, KL divergence=0.061354365199804306, Entropy=2.7143735885620117, training epoch=6, learning_rate=0.00025
Policy training> Surrogate loss=-0.08273522555828094, KL divergence=0.07700485736131668, Entropy=2.712106943130493, training epoch=7, learning_rate=0.00025
Checkpoint> Saving in path=['./checkpoint_sagemaker/agent/25_Step-6149.ckpt']
[s3] Successfully uploaded .lock to                      s3 bucket aws-deepracer-data-us-east-1-1 with s3 key data-4372c5a4-77df-4429-8419-6a8abe70a542/models/c01ee123-f9f7-4c4e-8bf9-6fa1c478f601/sagemaker-robomaker-artifacts/model/.lock.
Uploaded 3 files for checkpoint 25
[s3] Successfully uploaded coach checkpoint to                   s3 bucket aws-deepracer-data-us-east-1-1 with s3 key data-4372c5a4-77df-4429-8419-6a8abe70a542/models/c01ee123-f9f7-4c4e-8bf9-6fa1c478f601/sagemaker-robomaker-artifacts/model/.coach_checkpoint.
[s3] Successfully downloaded deepracer checkpoint json from                  s3 key data-4372c5a4-77df-4429-8419-6a8abe70a542/models/c01ee123-f9f7-4c4e-8bf9-6fa1c478f601/sagemaker-robomaker-artifacts/model/deepracer_checkpoints.json to local checkpoint_sagemaker/agent/deepracer_checkpoints.json.
[s3] Successfully downloaded deepracer checkpoint json from                  s3 key data-4372c5a4-77df-4429-8419-6a8abe70a542/models/c01ee123-f9f7-4c4e-8bf9-6fa1c478f601/sagemaker-robomaker-artifacts/model/deepracer_checkpoints.json to local checkpoint_sagemaker/agent/deepracer_checkpoints.json.
saved intermediate frozen graph: data-4372c5a4-77df-4429-8419-6a8abe70a542/models/c01ee123-f9f7-4c4e-8bf9-6fa1c478f601/sagemaker-robomaker-artifacts/model/model_25.pb
Best checkpoint number: 23, Last checkpoint number: 23
Copying the frozen checkpoint from ./frozen_models/agent/model_23.pb to /opt/ml/model/agent/model.pb.
[s3] Successfully downloaded deepracer checkpoint json from                  s3 key data-4372c5a4-77df-4429-8419-6a8abe70a542/models/c01ee123-f9f7-4c4e-8bf9-6fa1c478f601/sagemaker-robomaker-artifacts/model/deepracer_checkpoints.json to local checkpoint_sagemaker/agent/deepracer_checkpoints.json.
Deleting the frozen models in s3 for the iterations: {'22'}
Training> Name=main_level/agent, Worker=0, Episode=121, Total reward=0, Steps=6201, Training iteration=6
Training> Name=main_level/agent, Worker=0, Episode=122, Total reward=0, Steps=6240, Training iteration=6
Training> Name=main_level/agent, Worker=0, Episode=123, Total reward=0, Steps=6284, Training iteration=6
Training> Name=main_level/agent, Worker=0, Episode=124, Total reward=0, Steps=6311, Training iteration=6
Training> Name=main_level/agent, Worker=0, Episode=125, Total reward=0, Steps=6335, Training iteration=6
Training> Name=main_level/agent, Worker=0, Episode=126, Total reward=0, Steps=6416, Training iteration=6
Training> Name=main_level/agent, Worker=0, Episode=127, Total reward=0, Steps=6489, Training iteration=6
Training> Name=main_level/agent, Worker=0, Episode=128, Total reward=0, Steps=6545, Training iteration=6
Training> Name=main_level/agent, Worker=0, Episode=129, Total reward=0, Steps=6601, Training iteration=6
Training> Name=main_level/agent, Worker=0, Episode=130, Total reward=0, Steps=6651, Training iteration=6
Training> Name=main_level/agent, Worker=0, Episode=131, Total reward=0, Steps=6695, Training iteration=6
Training> Name=main_level/agent, Worker=0, Episode=132, Total reward=0, Steps=6733, Training iteration=6
Training> Name=main_level/agent, Worker=0, Episode=133, Total reward=0, Steps=6769, Training iteration=6
Training> Name=main_level/agent, Worker=0, Episode=134, Total reward=0, Steps=6796, Training iteration=6
Training> Name=main_level/agent, Worker=0, Episode=135, Total reward=0, Steps=6835, Training iteration=6
Training> Name=main_level/agent, Worker=0, Episode=136, Total reward=0, Steps=6870, Training iteration=6
Training> Name=main_level/agent, Worker=0, Episode=137, Total reward=0, Steps=6909, Training iteration=6
Training> Name=main_level/agent, Worker=0, Episode=138, Total reward=0, Steps=6967, Training iteration=6
Training> Name=main_level/agent, Worker=0, Episode=139, Total reward=0, Steps=6989, Training iteration=6
Training> Name=main_level/agent, Worker=0, Episode=140, Total reward=0, Steps=7036, Training iteration=6
Policy training> Surrogate loss=0.026793647557497025, KL divergence=0.024754051119089127, Entropy=2.7097742557525635, training epoch=0, learning_rate=0.00025
Policy training> Surrogate loss=-0.026727568358182907, KL divergence=0.07037247717380524, Entropy=2.7080111503601074, training epoch=1, learning_rate=0.00025
Policy training> Surrogate loss=-0.04661751538515091, KL divergence=0.04916322976350784, Entropy=2.7079989910125732, training epoch=2, learning_rate=0.00025
Policy training> Surrogate loss=-0.05225308984518051, KL divergence=0.06030511483550072, Entropy=2.706606149673462, training epoch=3, learning_rate=0.00025
Policy training> Surrogate loss=-0.07384753972291946, KL divergence=0.06315798312425613, Entropy=2.7039875984191895, training epoch=4, learning_rate=0.00025
Policy training> Surrogate loss=-0.09123261272907257, KL divergence=0.07409141957759857, Entropy=2.7014822959899902, training epoch=5, learning_rate=0.00025
Policy training> Surrogate loss=-0.09548374265432358, KL divergence=0.07445450127124786, Entropy=2.6978442668914795, training epoch=6, learning_rate=0.00025
Policy training> Surrogate loss=-0.08426868170499802, KL divergence=0.08660940825939178, Entropy=2.69401216506958, training epoch=7, learning_rate=0.00025
Checkpoint> Saving in path=['./checkpoint_sagemaker/agent/26_Step-7036.ckpt']
[s3] Successfully uploaded .lock to                      s3 bucket aws-deepracer-data-us-east-1-1 with s3 key data-4372c5a4-77df-4429-8419-6a8abe70a542/models/c01ee123-f9f7-4c4e-8bf9-6fa1c478f601/sagemaker-robomaker-artifacts/model/.lock.
Uploaded 3 files for checkpoint 26
[s3] Successfully uploaded coach checkpoint to                   s3 bucket aws-deepracer-data-us-east-1-1 with s3 key data-4372c5a4-77df-4429-8419-6a8abe70a542/models/c01ee123-f9f7-4c4e-8bf9-6fa1c478f601/sagemaker-robomaker-artifacts/model/.coach_checkpoint.
[s3] Successfully downloaded deepracer checkpoint json from                  s3 key data-4372c5a4-77df-4429-8419-6a8abe70a542/models/c01ee123-f9f7-4c4e-8bf9-6fa1c478f601/sagemaker-robomaker-artifacts/model/deepracer_checkpoints.json to local checkpoint_sagemaker/agent/deepracer_checkpoints.json.
[s3] Successfully downloaded deepracer checkpoint json from                  s3 key data-4372c5a4-77df-4429-8419-6a8abe70a542/models/c01ee123-f9f7-4c4e-8bf9-6fa1c478f601/sagemaker-robomaker-artifacts/model/deepracer_checkpoints.json to local checkpoint_sagemaker/agent/deepracer_checkpoints.json.
saved intermediate frozen graph: data-4372c5a4-77df-4429-8419-6a8abe70a542/models/c01ee123-f9f7-4c4e-8bf9-6fa1c478f601/sagemaker-robomaker-artifacts/model/model_26.pb
Best checkpoint number: 23, Last checkpoint number: 24
Copying the frozen checkpoint from ./frozen_models/agent/model_23.pb to /opt/ml/model/agent/model.pb.
[s3] Successfully downloaded deepracer checkpoint json from                  s3 key data-4372c5a4-77df-4429-8419-6a8abe70a542/models/c01ee123-f9f7-4c4e-8bf9-6fa1c478f601/sagemaker-robomaker-artifacts/model/deepracer_checkpoints.json to local checkpoint_sagemaker/agent/deepracer_checkpoints.json.
Deleting the frozen models in s3 for the iterations: {'19'}
Training> Name=main_level/agent, Worker=0, Episode=141, Total reward=0, Steps=7152, Training iteration=7
Training> Name=main_level/agent, Worker=0, Episode=142, Total reward=0, Steps=7192, Training iteration=7
Training> Name=main_level/agent, Worker=0, Episode=143, Total reward=0, Steps=7227, Training iteration=7
Training> Name=main_level/agent, Worker=0, Episode=144, Total reward=0, Steps=7253, Training iteration=7
Training> Name=main_level/agent, Worker=0, Episode=145, Total reward=0, Steps=7354, Training iteration=7
Training> Name=main_level/agent, Worker=0, Episode=146, Total reward=0, Steps=7379, Training iteration=7
Training> Name=main_level/agent, Worker=0, Episode=147, Total reward=0, Steps=7438, Training iteration=7
Training> Name=main_level/agent, Worker=0, Episode=148, Total reward=0, Steps=7586, Training iteration=7
Training> Name=main_level/agent, Worker=0, Episode=149, Total reward=0, Steps=7732, Training iteration=7
Training> Name=main_level/agent, Worker=0, Episode=150, Total reward=0, Steps=7747, Training iteration=7
Training> Name=main_level/agent, Worker=0, Episode=151, Total reward=0, Steps=7790, Training iteration=7
Training> Name=main_level/agent, Worker=0, Episode=152, Total reward=0, Steps=7906, Training iteration=7
Training> Name=main_level/agent, Worker=0, Episode=153, Total reward=0, Steps=7937, Training iteration=7
Training> Name=main_level/agent, Worker=0, Episode=154, Total reward=0, Steps=7957, Training iteration=7
Training> Name=main_level/agent, Worker=0, Episode=155, Total reward=0, Steps=7975, Training iteration=7
Training> Name=main_level/agent, Worker=0, Episode=156, Total reward=0, Steps=8052, Training iteration=7
Training> Name=main_level/agent, Worker=0, Episode=157, Total reward=0, Steps=8084, Training iteration=7
Training> Name=main_level/agent, Worker=0, Episode=158, Total reward=0, Steps=8120, Training iteration=7
Training> Name=main_level/agent, Worker=0, Episode=159, Total reward=0, Steps=8177, Training iteration=7
Training> Name=main_level/agent, Worker=0, Episode=160, Total reward=0, Steps=8229, Training iteration=7
Policy training> Surrogate loss=0.01555772963911295, KL divergence=0.035347830504179, Entropy=2.6914591789245605, training epoch=0, learning_rate=0.00025
Policy training> Surrogate loss=-0.02572079747915268, KL divergence=0.04874137043952942, Entropy=2.6901156902313232, training epoch=1, learning_rate=0.00025
Policy training> Surrogate loss=-0.03096909634768963, KL divergence=0.05801859125494957, Entropy=2.6891303062438965, training epoch=2, learning_rate=0.00025
Policy training> Surrogate loss=-0.04077122360467911, KL divergence=0.0626882016658783, Entropy=2.687955617904663, training epoch=3, learning_rate=0.00025
Policy training> Surrogate loss=-0.05662534013390541, KL divergence=0.05926879867911339, Entropy=2.6854074001312256, training epoch=4, learning_rate=0.00025
Policy training> Surrogate loss=-0.07156195491552353, KL divergence=0.06944316625595093, Entropy=2.6828794479370117, training epoch=5, learning_rate=0.00025
Policy training> Surrogate loss=-0.06886275112628937, KL divergence=0.06756426393985748, Entropy=2.6799685955047607, training epoch=6, learning_rate=0.00025
Policy training> Surrogate loss=-0.06623734533786774, KL divergence=0.10096986591815948, Entropy=2.676805019378662, training epoch=7, learning_rate=0.00025
Checkpoint> Saving in path=['./checkpoint_sagemaker/agent/27_Step-8229.ckpt']
[s3] Successfully uploaded .lock to                      s3 bucket aws-deepracer-data-us-east-1-1 with s3 key data-4372c5a4-77df-4429-8419-6a8abe70a542/models/c01ee123-f9f7-4c4e-8bf9-6fa1c478f601/sagemaker-robomaker-artifacts/model/.lock.
Uploaded 3 files for checkpoint 27
[s3] Successfully uploaded coach checkpoint to                   s3 bucket aws-deepracer-data-us-east-1-1 with s3 key data-4372c5a4-77df-4429-8419-6a8abe70a542/models/c01ee123-f9f7-4c4e-8bf9-6fa1c478f601/sagemaker-robomaker-artifacts/model/.coach_checkpoint.
[s3] Successfully downloaded deepracer checkpoint json from                  s3 key data-4372c5a4-77df-4429-8419-6a8abe70a542/models/c01ee123-f9f7-4c4e-8bf9-6fa1c478f601/sagemaker-robomaker-artifacts/model/deepracer_checkpoints.json to local checkpoint_sagemaker/agent/deepracer_checkpoints.json.
[s3] Successfully downloaded deepracer checkpoint json from                  s3 key data-4372c5a4-77df-4429-8419-6a8abe70a542/models/c01ee123-f9f7-4c4e-8bf9-6fa1c478f601/sagemaker-robomaker-artifacts/model/deepracer_checkpoints.json to local checkpoint_sagemaker/agent/deepracer_checkpoints.json.
saved intermediate frozen graph: data-4372c5a4-77df-4429-8419-6a8abe70a542/models/c01ee123-f9f7-4c4e-8bf9-6fa1c478f601/sagemaker-robomaker-artifacts/model/model_27.pb
Best checkpoint number: 23, Last checkpoint number: 25
Copying the frozen checkpoint from ./frozen_models/agent/model_23.pb to /opt/ml/model/agent/model.pb.
[s3] Successfully downloaded deepracer checkpoint json from                  s3 key data-4372c5a4-77df-4429-8419-6a8abe70a542/models/c01ee123-f9f7-4c4e-8bf9-6fa1c478f601/sagemaker-robomaker-artifacts/model/deepracer_checkpoints.json to local checkpoint_sagemaker/agent/deepracer_checkpoints.json.
Deleting the frozen models in s3 for the iterations: {'24'}
Training> Name=main_level/agent, Worker=0, Episode=161, Total reward=0, Steps=8271, Training iteration=8
Training> Name=main_level/agent, Worker=0, Episode=162, Total reward=0, Steps=8319, Training iteration=8
Training> Name=main_level/agent, Worker=0, Episode=163, Total reward=0, Steps=8376, Training iteration=8
Training> Name=main_level/agent, Worker=0, Episode=164, Total reward=0, Steps=8392, Training iteration=8
Training> Name=main_level/agent, Worker=0, Episode=165, Total reward=0, Steps=8431, Training iteration=8
Training> Name=main_level/agent, Worker=0, Episode=166, Total reward=0, Steps=8457, Training iteration=8
Training> Name=main_level/agent, Worker=0, Episode=167, Total reward=0, Steps=8608, Training iteration=8
Training> Name=main_level/agent, Worker=0, Episode=168, Total reward=0, Steps=8648, Training iteration=8
Training> Name=main_level/agent, Worker=0, Episode=169, Total reward=0, Steps=8733, Training iteration=8
Training> Name=main_level/agent, Worker=0, Episode=170, Total reward=0, Steps=8864, Training iteration=8
Training> Name=main_level/agent, Worker=0, Episode=171, Total reward=0, Steps=8953, Training iteration=8
Training> Name=main_level/agent, Worker=0, Episode=172, Total reward=0, Steps=9070, Training iteration=8
Training> Name=main_level/agent, Worker=0, Episode=173, Total reward=0, Steps=9175, Training iteration=8
Training> Name=main_level/agent, Worker=0, Episode=174, Total reward=0, Steps=9220, Training iteration=8
Training> Name=main_level/agent, Worker=0, Episode=175, Total reward=0, Steps=9280, Training iteration=8
Training> Name=main_level/agent, Worker=0, Episode=176, Total reward=0, Steps=9385, Training iteration=8
Training> Name=main_level/agent, Worker=0, Episode=177, Total reward=0, Steps=9475, Training iteration=8
Training> Name=main_level/agent, Worker=0, Episode=178, Total reward=0, Steps=9541, Training iteration=8
Training> Name=main_level/agent, Worker=0, Episode=179, Total reward=0, Steps=9696, Training iteration=8
Training> Name=main_level/agent, Worker=0, Episode=180, Total reward=0, Steps=9766, Training iteration=8
Policy training> Surrogate loss=0.024538613855838776, KL divergence=0.06546135991811752, Entropy=2.6726367473602295, training epoch=0, learning_rate=0.00025
Policy training> Surrogate loss=-0.009726162068545818, KL divergence=0.07267751544713974, Entropy=2.6727418899536133, training epoch=1, learning_rate=0.00025
Policy training> Surrogate loss=-0.0393282026052475, KL divergence=0.057395655661821365, Entropy=2.672849655151367, training epoch=2, learning_rate=0.00025
Policy training> Surrogate loss=-0.05552740395069122, KL divergence=0.06522602587938309, Entropy=2.6713449954986572, training epoch=3, learning_rate=0.00025
Policy training> Surrogate loss=-0.0544094480574131, KL divergence=0.07353346049785614, Entropy=2.670041799545288, training epoch=4, learning_rate=0.00025
Policy training> Surrogate loss=-0.06355693936347961, KL divergence=0.07085039466619492, Entropy=2.6674325466156006, training epoch=5, learning_rate=0.00025
Policy training> Surrogate loss=-0.07587917149066925, KL divergence=0.07848652452230453, Entropy=2.6646363735198975, training epoch=6, learning_rate=0.00025
Policy training> Surrogate loss=-0.08038632571697235, KL divergence=0.08161347359418869, Entropy=2.661013603210449, training epoch=7, learning_rate=0.00025
Checkpoint> Saving in path=['./checkpoint_sagemaker/agent/28_Step-9766.ckpt']
[s3] Successfully uploaded .lock to                      s3 bucket aws-deepracer-data-us-east-1-1 with s3 key data-4372c5a4-77df-4429-8419-6a8abe70a542/models/c01ee123-f9f7-4c4e-8bf9-6fa1c478f601/sagemaker-robomaker-artifacts/model/.lock.
Uploaded 3 files for checkpoint 28
[s3] Successfully uploaded coach checkpoint to                   s3 bucket aws-deepracer-data-us-east-1-1 with s3 key data-4372c5a4-77df-4429-8419-6a8abe70a542/models/c01ee123-f9f7-4c4e-8bf9-6fa1c478f601/sagemaker-robomaker-artifacts/model/.coach_checkpoint.
[s3] Successfully downloaded deepracer checkpoint json from                  s3 key data-4372c5a4-77df-4429-8419-6a8abe70a542/models/c01ee123-f9f7-4c4e-8bf9-6fa1c478f601/sagemaker-robomaker-artifacts/model/deepracer_checkpoints.json to local checkpoint_sagemaker/agent/deepracer_checkpoints.json.
[s3] Successfully downloaded deepracer checkpoint json from                  s3 key data-4372c5a4-77df-4429-8419-6a8abe70a542/models/c01ee123-f9f7-4c4e-8bf9-6fa1c478f601/sagemaker-robomaker-artifacts/model/deepracer_checkpoints.json to local checkpoint_sagemaker/agent/deepracer_checkpoints.json.
saved intermediate frozen graph: data-4372c5a4-77df-4429-8419-6a8abe70a542/models/c01ee123-f9f7-4c4e-8bf9-6fa1c478f601/sagemaker-robomaker-artifacts/model/model_28.pb
Best checkpoint number: 23, Last checkpoint number: 26
Copying the frozen checkpoint from ./frozen_models/agent/model_23.pb to /opt/ml/model/agent/model.pb.
[s3] Successfully downloaded deepracer checkpoint json from                  s3 key data-4372c5a4-77df-4429-8419-6a8abe70a542/models/c01ee123-f9f7-4c4e-8bf9-6fa1c478f601/sagemaker-robomaker-artifacts/model/deepracer_checkpoints.json to local checkpoint_sagemaker/agent/deepracer_checkpoints.json.
Deleting the frozen models in s3 for the iterations: {'25'}
Training> Name=main_level/agent, Worker=0, Episode=181, Total reward=0, Steps=9826, Training iteration=9
Training> Name=main_level/agent, Worker=0, Episode=182, Total reward=0, Steps=9868, Training iteration=9
Training> Name=main_level/agent, Worker=0, Episode=183, Total reward=0, Steps=9892, Training iteration=9
Training> Name=main_level/agent, Worker=0, Episode=184, Total reward=0, Steps=9923, Training iteration=9
Training> Name=main_level/agent, Worker=0, Episode=185, Total reward=0, Steps=9949, Training iteration=9
Training> Name=main_level/agent, Worker=0, Episode=186, Total reward=0, Steps=10056, Training iteration=9
Training> Name=main_level/agent, Worker=0, Episode=187, Total reward=0, Steps=10213, Training iteration=9
Training> Name=main_level/agent, Worker=0, Episode=188, Total reward=0, Steps=10347, Training iteration=9
Training> Name=main_level/agent, Worker=0, Episode=189, Total reward=0, Steps=10433, Training iteration=9
Training> Name=main_level/agent, Worker=0, Episode=190, Total reward=0, Steps=10585, Training iteration=9
Training> Name=main_level/agent, Worker=0, Episode=191, Total reward=0, Steps=10654, Training iteration=9
Training> Name=main_level/agent, Worker=0, Episode=192, Total reward=0, Steps=10689, Training iteration=9
Training> Name=main_level/agent, Worker=0, Episode=193, Total reward=0, Steps=10743, Training iteration=9
Training> Name=main_level/agent, Worker=0, Episode=194, Total reward=0, Steps=10893, Training iteration=9
Training> Name=main_level/agent, Worker=0, Episode=195, Total reward=0, Steps=10999, Training iteration=9
Training> Name=main_level/agent, Worker=0, Episode=196, Total reward=0, Steps=11034, Training iteration=9
Training> Name=main_level/agent, Worker=0, Episode=197, Total reward=0, Steps=11068, Training iteration=9
Training> Name=main_level/agent, Worker=0, Episode=198, Total reward=0, Steps=11155, Training iteration=9
Training> Name=main_level/agent, Worker=0, Episode=199, Total reward=0, Steps=11232, Training iteration=9
Training> Name=main_level/agent, Worker=0, Episode=200, Total reward=0, Steps=11291, Training iteration=9
Policy training> Surrogate loss=0.027272826060652733, KL divergence=0.045987874269485474, Entropy=2.6581180095672607, training epoch=0, learning_rate=0.00025
Policy training> Surrogate loss=-0.005556186195462942, KL divergence=0.07464156299829483, Entropy=2.6584320068359375, training epoch=1, learning_rate=0.00025
Policy training> Surrogate loss=-0.045981112867593765, KL divergence=0.060965754091739655, Entropy=2.6602113246917725, training epoch=2, learning_rate=0.00025
Policy training> Surrogate loss=-0.0545055978000164, KL divergence=0.058161985129117966, Entropy=2.6597607135772705, training epoch=3, learning_rate=0.00025
Policy training> Surrogate loss=-0.07151825726032257, KL divergence=0.06403661519289017, Entropy=2.6592209339141846, training epoch=4, learning_rate=0.00025
Policy training> Surrogate loss=-0.08243255317211151, KL divergence=0.06428632885217667, Entropy=2.6582655906677246, training epoch=5, learning_rate=0.00025
Policy training> Surrogate loss=-0.08160138875246048, KL divergence=0.0684724822640419, Entropy=2.6564197540283203, training epoch=6, learning_rate=0.00025
Policy training> Surrogate loss=-0.0944838747382164, KL divergence=0.07175005227327347, Entropy=2.6541595458984375, training epoch=7, learning_rate=0.00025
Checkpoint> Saving in path=['./checkpoint_sagemaker/agent/29_Step-11291.ckpt']
[s3] Successfully uploaded .lock to                      s3 bucket aws-deepracer-data-us-east-1-1 with s3 key data-4372c5a4-77df-4429-8419-6a8abe70a542/models/c01ee123-f9f7-4c4e-8bf9-6fa1c478f601/sagemaker-robomaker-artifacts/model/.lock.
Uploaded 3 files for checkpoint 29
[s3] Successfully uploaded coach checkpoint to                   s3 bucket aws-deepracer-data-us-east-1-1 with s3 key data-4372c5a4-77df-4429-8419-6a8abe70a542/models/c01ee123-f9f7-4c4e-8bf9-6fa1c478f601/sagemaker-robomaker-artifacts/model/.coach_checkpoint.
[s3] Successfully downloaded deepracer checkpoint json from                  s3 key data-4372c5a4-77df-4429-8419-6a8abe70a542/models/c01ee123-f9f7-4c4e-8bf9-6fa1c478f601/sagemaker-robomaker-artifacts/model/deepracer_checkpoints.json to local checkpoint_sagemaker/agent/deepracer_checkpoints.json.
[s3] Successfully downloaded deepracer checkpoint json from                  s3 key data-4372c5a4-77df-4429-8419-6a8abe70a542/models/c01ee123-f9f7-4c4e-8bf9-6fa1c478f601/sagemaker-robomaker-artifacts/model/deepracer_checkpoints.json to local checkpoint_sagemaker/agent/deepracer_checkpoints.json.
saved intermediate frozen graph: data-4372c5a4-77df-4429-8419-6a8abe70a542/models/c01ee123-f9f7-4c4e-8bf9-6fa1c478f601/sagemaker-robomaker-artifacts/model/model_29.pb
Best checkpoint number: 27, Last checkpoint number: 27
Copying the frozen checkpoint from ./frozen_models/agent/model_27.pb to /opt/ml/model/agent/model.pb.
[s3] Successfully downloaded deepracer checkpoint json from                  s3 key data-4372c5a4-77df-4429-8419-6a8abe70a542/models/c01ee123-f9f7-4c4e-8bf9-6fa1c478f601/sagemaker-robomaker-artifacts/model/deepracer_checkpoints.json to local checkpoint_sagemaker/agent/deepracer_checkpoints.json.
Deleting the frozen models in s3 for the iterations: {'26'}
Training> Name=main_level/agent, Worker=0, Episode=201, Total reward=0, Steps=11350, Training iteration=10
Training> Name=main_level/agent, Worker=0, Episode=202, Total reward=0, Steps=11396, Training iteration=10
Training> Name=main_level/agent, Worker=0, Episode=203, Total reward=0, Steps=11436, Training iteration=10
Training> Name=main_level/agent, Worker=0, Episode=204, Total reward=0, Steps=11461, Training iteration=10
Training> Name=main_level/agent, Worker=0, Episode=205, Total reward=0, Steps=11611, Training iteration=10
Training> Name=main_level/agent, Worker=0, Episode=206, Total reward=0, Steps=11645, Training iteration=10
Training> Name=main_level/agent, Worker=0, Episode=207, Total reward=0, Steps=11803, Training iteration=10
Training> Name=main_level/agent, Worker=0, Episode=208, Total reward=0, Steps=11944, Training iteration=10
Training> Name=main_level/agent, Worker=0, Episode=209, Total reward=0, Steps=11959, Training iteration=10
Training> Name=main_level/agent, Worker=0, Episode=210, Total reward=0, Steps=12035, Training iteration=10
Training> Name=main_level/agent, Worker=0, Episode=211, Total reward=0, Steps=12080, Training iteration=10
Training> Name=main_level/agent, Worker=0, Episode=212, Total reward=0, Steps=12117, Training iteration=10
Training> Name=main_level/agent, Worker=0, Episode=213, Total reward=0, Steps=12257, Training iteration=10
Training> Name=main_level/agent, Worker=0, Episode=214, Total reward=0, Steps=12272, Training iteration=10
Training> Name=main_level/agent, Worker=0, Episode=215, Total reward=0, Steps=12376, Training iteration=10
Training> Name=main_level/agent, Worker=0, Episode=216, Total reward=0, Steps=12470, Training iteration=10
Training> Name=main_level/agent, Worker=0, Episode=217, Total reward=0, Steps=12562, Training iteration=10
Training> Name=main_level/agent, Worker=0, Episode=218, Total reward=0, Steps=12645, Training iteration=10
Training> Name=main_level/agent, Worker=0, Episode=219, Total reward=0, Steps=12802, Training iteration=10
Training> Name=main_level/agent, Worker=0, Episode=220, Total reward=0, Steps=12860, Training iteration=10
Policy training> Surrogate loss=0.04105645790696144, KL divergence=0.07781348377466202, Entropy=2.6515731811523438, training epoch=0, learning_rate=0.00025
Policy training> Surrogate loss=-0.002432603156194091, KL divergence=0.13259148597717285, Entropy=2.6496176719665527, training epoch=1, learning_rate=0.00025
Policy training> Surrogate loss=-0.00786746945232153, KL divergence=0.12438136339187622, Entropy=2.649482488632202, training epoch=2, learning_rate=0.00025
Policy training> Surrogate loss=-0.053840335458517075, KL divergence=0.10010004788637161, Entropy=2.6494076251983643, training epoch=3, learning_rate=0.00025
Policy training> Surrogate loss=-0.06839045137166977, KL divergence=0.12093207985162735, Entropy=2.6472957134246826, training epoch=4, learning_rate=0.00025
Policy training> Surrogate loss=-0.07723992317914963, KL divergence=0.10822544246912003, Entropy=2.6444971561431885, training epoch=5, learning_rate=0.00025
Policy training> Surrogate loss=-0.09129450470209122, KL divergence=0.1339876502752304, Entropy=2.640164375305176, training epoch=6, learning_rate=0.00025
Policy training> Surrogate loss=-0.09348603338003159, KL divergence=0.11550875753164291, Entropy=2.636054754257202, training epoch=7, learning_rate=0.00025
Checkpoint> Saving in path=['./checkpoint_sagemaker/agent/30_Step-12860.ckpt']
[s3] Successfully uploaded .lock to                      s3 bucket aws-deepracer-data-us-east-1-1 with s3 key data-4372c5a4-77df-4429-8419-6a8abe70a542/models/c01ee123-f9f7-4c4e-8bf9-6fa1c478f601/sagemaker-robomaker-artifacts/model/.lock.
Uploaded 3 files for checkpoint 30
[s3] Successfully uploaded coach checkpoint to                   s3 bucket aws-deepracer-data-us-east-1-1 with s3 key data-4372c5a4-77df-4429-8419-6a8abe70a542/models/c01ee123-f9f7-4c4e-8bf9-6fa1c478f601/sagemaker-robomaker-artifacts/model/.coach_checkpoint.
[s3] Successfully downloaded deepracer checkpoint json from                  s3 key data-4372c5a4-77df-4429-8419-6a8abe70a542/models/c01ee123-f9f7-4c4e-8bf9-6fa1c478f601/sagemaker-robomaker-artifacts/model/deepracer_checkpoints.json to local checkpoint_sagemaker/agent/deepracer_checkpoints.json.
[s3] Successfully downloaded deepracer checkpoint json from                  s3 key data-4372c5a4-77df-4429-8419-6a8abe70a542/models/c01ee123-f9f7-4c4e-8bf9-6fa1c478f601/sagemaker-robomaker-artifacts/model/deepracer_checkpoints.json to local checkpoint_sagemaker/agent/deepracer_checkpoints.json.
saved intermediate frozen graph: data-4372c5a4-77df-4429-8419-6a8abe70a542/models/c01ee123-f9f7-4c4e-8bf9-6fa1c478f601/sagemaker-robomaker-artifacts/model/model_30.pb
Best checkpoint number: 27, Last checkpoint number: 28
Copying the frozen checkpoint from ./frozen_models/agent/model_27.pb to /opt/ml/model/agent/model.pb.
[s3] Successfully downloaded deepracer checkpoint json from                  s3 key data-4372c5a4-77df-4429-8419-6a8abe70a542/models/c01ee123-f9f7-4c4e-8bf9-6fa1c478f601/sagemaker-robomaker-artifacts/model/deepracer_checkpoints.json to local checkpoint_sagemaker/agent/deepracer_checkpoints.json.
Deleting the frozen models in s3 for the iterations: {'23'}
Training> Name=main_level/agent, Worker=0, Episode=221, Total reward=0, Steps=12921, Training iteration=11
Training> Name=main_level/agent, Worker=0, Episode=222, Total reward=0, Steps=12968, Training iteration=11
Training> Name=main_level/agent, Worker=0, Episode=223, Total reward=0, Steps=13004, Training iteration=11
Training> Name=main_level/agent, Worker=0, Episode=224, Total reward=0, Steps=13034, Training iteration=11
Training> Name=main_level/agent, Worker=0, Episode=225, Total reward=0, Steps=13065, Training iteration=11
Training> Name=main_level/agent, Worker=0, Episode=226, Total reward=0, Steps=13135, Training iteration=11
Training> Name=main_level/agent, Worker=0, Episode=227, Total reward=0, Steps=13289, Training iteration=11
Training> Name=main_level/agent, Worker=0, Episode=228, Total reward=0, Steps=13439, Training iteration=11
Training> Name=main_level/agent, Worker=0, Episode=229, Total reward=0, Steps=13566, Training iteration=11
Training> Name=main_level/agent, Worker=0, Episode=230, Total reward=0, Steps=13626, Training iteration=11
Training> Name=main_level/agent, Worker=0, Episode=231, Total reward=0, Steps=13762, Training iteration=11
Training> Name=main_level/agent, Worker=0, Episode=232, Total reward=0, Steps=13891, Training iteration=11
Training> Name=main_level/agent, Worker=0, Episode=233, Total reward=0, Steps=14014, Training iteration=11
Training> Name=main_level/agent, Worker=0, Episode=234, Total reward=0, Steps=14078, Training iteration=11
Training> Name=main_level/agent, Worker=0, Episode=235, Total reward=0, Steps=14112, Training iteration=11
Training> Name=main_level/agent, Worker=0, Episode=236, Total reward=0, Steps=14205, Training iteration=11
Training> Name=main_level/agent, Worker=0, Episode=237, Total reward=0, Steps=14293, Training iteration=11
Training> Name=main_level/agent, Worker=0, Episode=238, Total reward=0, Steps=14362, Training iteration=11
Training> Name=main_level/agent, Worker=0, Episode=239, Total reward=0, Steps=14502, Training iteration=11
Training> Name=main_level/agent, Worker=0, Episode=240, Total reward=0, Steps=14657, Training iteration=11
Policy training> Surrogate loss=0.029829254373908043, KL divergence=0.054897528141736984, Entropy=2.63063645362854, training epoch=0, learning_rate=0.00025
Policy training> Surrogate loss=-0.01986319199204445, KL divergence=0.06660209596157074, Entropy=2.626690626144409, training epoch=1, learning_rate=0.00025
Policy training> Surrogate loss=-0.04408615082502365, KL divergence=0.07771869003772736, Entropy=2.625804901123047, training epoch=2, learning_rate=0.00025
Policy training> Surrogate loss=-0.05678192898631096, KL divergence=0.07502838224172592, Entropy=2.623525619506836, training epoch=3, learning_rate=0.00025
Policy training> Surrogate loss=-0.07244081050157547, KL divergence=0.06840663403272629, Entropy=2.6208789348602295, training epoch=4, learning_rate=0.00025
Policy training> Surrogate loss=-0.0763683095574379, KL divergence=0.07805105298757553, Entropy=2.6168758869171143, training epoch=5, learning_rate=0.00025
Policy training> Surrogate loss=-0.08364768326282501, KL divergence=0.08160638809204102, Entropy=2.6137521266937256, training epoch=6, learning_rate=0.00025
Policy training> Surrogate loss=-0.08535401523113251, KL divergence=0.08591648191213608, Entropy=2.6092417240142822, training epoch=7, learning_rate=0.00025
Checkpoint> Saving in path=['./checkpoint_sagemaker/agent/31_Step-14657.ckpt']
[s3] Successfully uploaded .lock to                      s3 bucket aws-deepracer-data-us-east-1-1 with s3 key data-4372c5a4-77df-4429-8419-6a8abe70a542/models/c01ee123-f9f7-4c4e-8bf9-6fa1c478f601/sagemaker-robomaker-artifacts/model/.lock.
Uploaded 3 files for checkpoint 31
[s3] Successfully uploaded coach checkpoint to                   s3 bucket aws-deepracer-data-us-east-1-1 with s3 key data-4372c5a4-77df-4429-8419-6a8abe70a542/models/c01ee123-f9f7-4c4e-8bf9-6fa1c478f601/sagemaker-robomaker-artifacts/model/.coach_checkpoint.
[s3] Successfully downloaded deepracer checkpoint json from                  s3 key data-4372c5a4-77df-4429-8419-6a8abe70a542/models/c01ee123-f9f7-4c4e-8bf9-6fa1c478f601/sagemaker-robomaker-artifacts/model/deepracer_checkpoints.json to local checkpoint_sagemaker/agent/deepracer_checkpoints.json.
[s3] Successfully downloaded deepracer checkpoint json from                  s3 key data-4372c5a4-77df-4429-8419-6a8abe70a542/models/c01ee123-f9f7-4c4e-8bf9-6fa1c478f601/sagemaker-robomaker-artifacts/model/deepracer_checkpoints.json to local checkpoint_sagemaker/agent/deepracer_checkpoints.json.
saved intermediate frozen graph: data-4372c5a4-77df-4429-8419-6a8abe70a542/models/c01ee123-f9f7-4c4e-8bf9-6fa1c478f601/sagemaker-robomaker-artifacts/model/model_31.pb
Best checkpoint number: 27, Last checkpoint number: 29
Copying the frozen checkpoint from ./frozen_models/agent/model_27.pb to /opt/ml/model/agent/model.pb.
[s3] Successfully downloaded deepracer checkpoint json from                  s3 key data-4372c5a4-77df-4429-8419-6a8abe70a542/models/c01ee123-f9f7-4c4e-8bf9-6fa1c478f601/sagemaker-robomaker-artifacts/model/deepracer_checkpoints.json to local checkpoint_sagemaker/agent/deepracer_checkpoints.json.
Deleting the frozen models in s3 for the iterations: {'28'}
Training> Name=main_level/agent, Worker=0, Episode=241, Total reward=0, Steps=14714, Training iteration=12
Training> Name=main_level/agent, Worker=0, Episode=242, Total reward=0, Steps=14761, Training iteration=12
Training> Name=main_level/agent, Worker=0, Episode=243, Total reward=0, Steps=14809, Training iteration=12
Training> Name=main_level/agent, Worker=0, Episode=244, Total reward=0, Steps=14827, Training iteration=12
Training> Name=main_level/agent, Worker=0, Episode=245, Total reward=0, Steps=14855, Training iteration=12
Training> Name=main_level/agent, Worker=0, Episode=246, Total reward=0, Steps=15007, Training iteration=12
Training> Name=main_level/agent, Worker=0, Episode=247, Total reward=0, Steps=15168, Training iteration=12
Training> Name=main_level/agent, Worker=0, Episode=248, Total reward=0, Steps=15225, Training iteration=12
Training> Name=main_level/agent, Worker=0, Episode=249, Total reward=0, Steps=15384, Training iteration=12
Training> Name=main_level/agent, Worker=0, Episode=250, Total reward=0, Steps=15530, Training iteration=12
Training> Name=main_level/agent, Worker=0, Episode=251, Total reward=0, Steps=15609, Training iteration=12
Training> Name=main_level/agent, Worker=0, Episode=252, Total reward=0, Steps=15624, Training iteration=12
Training> Name=main_level/agent, Worker=0, Episode=253, Total reward=0, Steps=15736, Training iteration=12
Training> Name=main_level/agent, Worker=0, Episode=254, Total reward=0, Steps=15892, Training iteration=12
Training> Name=main_level/agent, Worker=0, Episode=255, Total reward=0, Steps=15912, Training iteration=12
Training> Name=main_level/agent, Worker=0, Episode=256, Total reward=0, Steps=15994, Training iteration=12
Training> Name=main_level/agent, Worker=0, Episode=257, Total reward=0, Steps=16073, Training iteration=12
Training> Name=main_level/agent, Worker=0, Episode=258, Total reward=0, Steps=16143, Training iteration=12
Training> Name=main_level/agent, Worker=0, Episode=259, Total reward=0, Steps=16214, Training iteration=12
Training> Name=main_level/agent, Worker=0, Episode=260, Total reward=0, Steps=16261, Training iteration=12
Policy training> Surrogate loss=0.03532799333333969, KL divergence=0.06479889154434204, Entropy=2.605761766433716, training epoch=0, learning_rate=0.00025
Policy training> Surrogate loss=-0.010923424735665321, KL divergence=0.08404931426048279, Entropy=2.604982376098633, training epoch=1, learning_rate=0.00025
Policy training> Surrogate loss=-0.03447526693344116, KL divergence=0.08760193735361099, Entropy=2.6046037673950195, training epoch=2, learning_rate=0.00025
Policy training> Surrogate loss=-0.0546274408698082, KL divergence=0.07030697166919708, Entropy=2.60406494140625, training epoch=3, learning_rate=0.00025
Policy training> Surrogate loss=-0.06230689957737923, KL divergence=0.071866974234581, Entropy=2.6025338172912598, training epoch=4, learning_rate=0.00025
Policy training> Surrogate loss=-0.0776057094335556, KL divergence=0.06343583762645721, Entropy=2.601278781890869, training epoch=5, learning_rate=0.00025
Policy training> Surrogate loss=-0.08412522077560425, KL divergence=0.07119351625442505, Entropy=2.597480535507202, training epoch=6, learning_rate=0.00025
Policy training> Surrogate loss=-0.08823278546333313, KL divergence=0.07188864052295685, Entropy=2.593388557434082, training epoch=7, learning_rate=0.00025
Checkpoint> Saving in path=['./checkpoint_sagemaker/agent/32_Step-16261.ckpt']
[s3] Successfully uploaded .lock to                      s3 bucket aws-deepracer-data-us-east-1-1 with s3 key data-4372c5a4-77df-4429-8419-6a8abe70a542/models/c01ee123-f9f7-4c4e-8bf9-6fa1c478f601/sagemaker-robomaker-artifacts/model/.lock.
Uploaded 3 files for checkpoint 32
[s3] Successfully uploaded coach checkpoint to                   s3 bucket aws-deepracer-data-us-east-1-1 with s3 key data-4372c5a4-77df-4429-8419-6a8abe70a542/models/c01ee123-f9f7-4c4e-8bf9-6fa1c478f601/sagemaker-robomaker-artifacts/model/.coach_checkpoint.
[s3] Successfully downloaded deepracer checkpoint json from                  s3 key data-4372c5a4-77df-4429-8419-6a8abe70a542/models/c01ee123-f9f7-4c4e-8bf9-6fa1c478f601/sagemaker-robomaker-artifacts/model/deepracer_checkpoints.json to local checkpoint_sagemaker/agent/deepracer_checkpoints.json.
[s3] Successfully downloaded deepracer checkpoint json from                  s3 key data-4372c5a4-77df-4429-8419-6a8abe70a542/models/c01ee123-f9f7-4c4e-8bf9-6fa1c478f601/sagemaker-robomaker-artifacts/model/deepracer_checkpoints.json to local checkpoint_sagemaker/agent/deepracer_checkpoints.json.
saved intermediate frozen graph: data-4372c5a4-77df-4429-8419-6a8abe70a542/models/c01ee123-f9f7-4c4e-8bf9-6fa1c478f601/sagemaker-robomaker-artifacts/model/model_32.pb
Best checkpoint number: 30, Last checkpoint number: 30
Copying the frozen checkpoint from ./frozen_models/agent/model_30.pb to /opt/ml/model/agent/model.pb.
[s3] Successfully downloaded deepracer checkpoint json from                  s3 key data-4372c5a4-77df-4429-8419-6a8abe70a542/models/c01ee123-f9f7-4c4e-8bf9-6fa1c478f601/sagemaker-robomaker-artifacts/model/deepracer_checkpoints.json to local checkpoint_sagemaker/agent/deepracer_checkpoints.json.
Deleting the frozen models in s3 for the iterations: {'29'}
Training> Name=main_level/agent, Worker=0, Episode=261, Total reward=0, Steps=16319, Training iteration=13
Training> Name=main_level/agent, Worker=0, Episode=262, Total reward=0, Steps=16430, Training iteration=13
Training> Name=main_level/agent, Worker=0, Episode=263, Total reward=0, Steps=16483, Training iteration=13
Training> Name=main_level/agent, Worker=0, Episode=264, Total reward=0, Steps=16557, Training iteration=13
Training> Name=main_level/agent, Worker=0, Episode=265, Total reward=0, Steps=16683, Training iteration=13
Training> Name=main_level/agent, Worker=0, Episode=266, Total reward=0, Steps=16712, Training iteration=13
Training> Name=main_level/agent, Worker=0, Episode=267, Total reward=0, Steps=16822, Training iteration=13
Training> Name=main_level/agent, Worker=0, Episode=268, Total reward=0, Steps=16917, Training iteration=13
Training> Name=main_level/agent, Worker=0, Episode=269, Total reward=0, Steps=16981, Training iteration=13
Training> Name=main_level/agent, Worker=0, Episode=270, Total reward=0, Steps=17138, Training iteration=13
Training> Name=main_level/agent, Worker=0, Episode=271, Total reward=0, Steps=17248, Training iteration=13
Training> Name=main_level/agent, Worker=0, Episode=272, Total reward=0, Steps=17401, Training iteration=13
Training> Name=main_level/agent, Worker=0, Episode=273, Total reward=0, Steps=17489, Training iteration=13
Training> Name=main_level/agent, Worker=0, Episode=274, Total reward=0, Steps=17589, Training iteration=13
Training> Name=main_level/agent, Worker=0, Episode=275, Total reward=0, Steps=17643, Training iteration=13
Training> Name=main_level/agent, Worker=0, Episode=276, Total reward=0, Steps=17692, Training iteration=13
Training> Name=main_level/agent, Worker=0, Episode=277, Total reward=0, Steps=17842, Training iteration=13
Training> Name=main_level/agent, Worker=0, Episode=278, Total reward=0, Steps=17897, Training iteration=13
Training> Name=main_level/agent, Worker=0, Episode=279, Total reward=0, Steps=17922, Training iteration=13
Training> Name=main_level/agent, Worker=0, Episode=280, Total reward=0, Steps=17982, Training iteration=13
Policy training> Surrogate loss=0.02195863053202629, KL divergence=0.051809415221214294, Entropy=2.5921976566314697, training epoch=0, learning_rate=0.00025
Policy training> Surrogate loss=-0.023452185094356537, KL divergence=0.1002892553806305, Entropy=2.5920143127441406, training epoch=1, learning_rate=0.00025
Policy training> Surrogate loss=-0.04675598815083504, KL divergence=0.09324734658002853, Entropy=2.5908377170562744, training epoch=2, learning_rate=0.00025
Policy training> Surrogate loss=-0.0682346299290657, KL divergence=0.09307768940925598, Entropy=2.587289571762085, training epoch=3, learning_rate=0.00025
Policy training> Surrogate loss=-0.08263900876045227, KL divergence=0.0914933830499649, Entropy=2.582587718963623, training epoch=4, learning_rate=0.00025
Policy training> Surrogate loss=-0.09372425824403763, KL divergence=0.0872165709733963, Entropy=2.5776913166046143, training epoch=5, learning_rate=0.00025
Policy training> Surrogate loss=-0.09492181986570358, KL divergence=0.09218818694353104, Entropy=2.5722906589508057, training epoch=6, learning_rate=0.00025
Policy training> Surrogate loss=-0.10858611762523651, KL divergence=0.09483890980482101, Entropy=2.5668678283691406, training epoch=7, learning_rate=0.00025
Checkpoint> Saving in path=['./checkpoint_sagemaker/agent/33_Step-17982.ckpt']
[s3] Successfully uploaded .lock to                      s3 bucket aws-deepracer-data-us-east-1-1 with s3 key data-4372c5a4-77df-4429-8419-6a8abe70a542/models/c01ee123-f9f7-4c4e-8bf9-6fa1c478f601/sagemaker-robomaker-artifacts/model/.lock.
Uploaded 3 files for checkpoint 33
[s3] Successfully uploaded coach checkpoint to                   s3 bucket aws-deepracer-data-us-east-1-1 with s3 key data-4372c5a4-77df-4429-8419-6a8abe70a542/models/c01ee123-f9f7-4c4e-8bf9-6fa1c478f601/sagemaker-robomaker-artifacts/model/.coach_checkpoint.
[s3] Successfully downloaded deepracer checkpoint json from                  s3 key data-4372c5a4-77df-4429-8419-6a8abe70a542/models/c01ee123-f9f7-4c4e-8bf9-6fa1c478f601/sagemaker-robomaker-artifacts/model/deepracer_checkpoints.json to local checkpoint_sagemaker/agent/deepracer_checkpoints.json.
[s3] Successfully downloaded deepracer checkpoint json from                  s3 key data-4372c5a4-77df-4429-8419-6a8abe70a542/models/c01ee123-f9f7-4c4e-8bf9-6fa1c478f601/sagemaker-robomaker-artifacts/model/deepracer_checkpoints.json to local checkpoint_sagemaker/agent/deepracer_checkpoints.json.
saved intermediate frozen graph: data-4372c5a4-77df-4429-8419-6a8abe70a542/models/c01ee123-f9f7-4c4e-8bf9-6fa1c478f601/sagemaker-robomaker-artifacts/model/model_33.pb
Best checkpoint number: 30, Last checkpoint number: 31
Copying the frozen checkpoint from ./frozen_models/agent/model_30.pb to /opt/ml/model/agent/model.pb.
[s3] Successfully downloaded deepracer checkpoint json from                  s3 key data-4372c5a4-77df-4429-8419-6a8abe70a542/models/c01ee123-f9f7-4c4e-8bf9-6fa1c478f601/sagemaker-robomaker-artifacts/model/deepracer_checkpoints.json to local checkpoint_sagemaker/agent/deepracer_checkpoints.json.
Deleting the frozen models in s3 for the iterations: {'31'}
Training> Name=main_level/agent, Worker=0, Episode=281, Total reward=0, Steps=18071, Training iteration=14
Training> Name=main_level/agent, Worker=0, Episode=282, Total reward=0, Steps=18122, Training iteration=14
Training> Name=main_level/agent, Worker=0, Episode=283, Total reward=0, Steps=18263, Training iteration=14
Training> Name=main_level/agent, Worker=0, Episode=284, Total reward=0, Steps=18424, Training iteration=14
Training> Name=main_level/agent, Worker=0, Episode=285, Total reward=0, Steps=18480, Training iteration=14
Training> Name=main_level/agent, Worker=0, Episode=286, Total reward=0, Steps=18510, Training iteration=14
Training> Name=main_level/agent, Worker=0, Episode=287, Total reward=0, Steps=18664, Training iteration=14
Training> Name=main_level/agent, Worker=0, Episode=288, Total reward=0, Steps=18784, Training iteration=14
Training> Name=main_level/agent, Worker=0, Episode=289, Total reward=0, Steps=18810, Training iteration=14
Training> Name=main_level/agent, Worker=0, Episode=290, Total reward=0, Steps=18965, Training iteration=14
Training> Name=main_level/agent, Worker=0, Episode=291, Total reward=0, Steps=19051, Training iteration=14
Training> Name=main_level/agent, Worker=0, Episode=292, Total reward=0, Steps=19186, Training iteration=14
Training> Name=main_level/agent, Worker=0, Episode=293, Total reward=0, Steps=19209, Training iteration=14
Training> Name=main_level/agent, Worker=0, Episode=294, Total reward=0, Steps=19286, Training iteration=14
Training> Name=main_level/agent, Worker=0, Episode=295, Total reward=0, Steps=19392, Training iteration=14
Training> Name=main_level/agent, Worker=0, Episode=296, Total reward=0, Steps=19508, Training iteration=14
Training> Name=main_level/agent, Worker=0, Episode=297, Total reward=0, Steps=19668, Training iteration=14
Training> Name=main_level/agent, Worker=0, Episode=298, Total reward=0, Steps=19751, Training iteration=14
Training> Name=main_level/agent, Worker=0, Episode=299, Total reward=0, Steps=19822, Training iteration=14
Training> Name=main_level/agent, Worker=0, Episode=300, Total reward=0, Steps=19893, Training iteration=14
Policy training> Surrogate loss=0.07356096059083939, KL divergence=0.18525190651416779, Entropy=2.561281442642212, training epoch=0, learning_rate=0.00025
Policy training> Surrogate loss=0.07558584213256836, KL divergence=0.6429270505905151, Entropy=2.557652711868286, training epoch=1, learning_rate=0.00025
Policy training> Surrogate loss=0.016503609716892242, KL divergence=0.48039740324020386, Entropy=2.5589728355407715, training epoch=2, learning_rate=0.00025
Policy training> Surrogate loss=-0.030684398487210274, KL divergence=0.3078259825706482, Entropy=2.558741569519043, training epoch=3, learning_rate=0.00025
Policy training> Surrogate loss=-0.0675119161605835, KL divergence=0.26466885209083557, Entropy=2.557188034057617, training epoch=4, learning_rate=0.00025
Policy training> Surrogate loss=-0.07485689967870712, KL divergence=0.2505887448787689, Entropy=2.553215265274048, training epoch=5, learning_rate=0.00025
Policy training> Surrogate loss=-0.08165082335472107, KL divergence=0.2260202169418335, Entropy=2.5489022731781006, training epoch=6, learning_rate=0.00025
Policy training> Surrogate loss=-0.08999594300985336, KL divergence=0.22233816981315613, Entropy=2.5436477661132812, training epoch=7, learning_rate=0.00025
Checkpoint> Saving in path=['./checkpoint_sagemaker/agent/34_Step-19893.ckpt']
[s3] Successfully uploaded .lock to                      s3 bucket aws-deepracer-data-us-east-1-1 with s3 key data-4372c5a4-77df-4429-8419-6a8abe70a542/models/c01ee123-f9f7-4c4e-8bf9-6fa1c478f601/sagemaker-robomaker-artifacts/model/.lock.
Uploaded 3 files for checkpoint 34
[s3] Successfully uploaded coach checkpoint to                   s3 bucket aws-deepracer-data-us-east-1-1 with s3 key data-4372c5a4-77df-4429-8419-6a8abe70a542/models/c01ee123-f9f7-4c4e-8bf9-6fa1c478f601/sagemaker-robomaker-artifacts/model/.coach_checkpoint.
[s3] Successfully downloaded deepracer checkpoint json from                  s3 key data-4372c5a4-77df-4429-8419-6a8abe70a542/models/c01ee123-f9f7-4c4e-8bf9-6fa1c478f601/sagemaker-robomaker-artifacts/model/deepracer_checkpoints.json to local checkpoint_sagemaker/agent/deepracer_checkpoints.json.
[s3] Successfully downloaded deepracer checkpoint json from                  s3 key data-4372c5a4-77df-4429-8419-6a8abe70a542/models/c01ee123-f9f7-4c4e-8bf9-6fa1c478f601/sagemaker-robomaker-artifacts/model/deepracer_checkpoints.json to local checkpoint_sagemaker/agent/deepracer_checkpoints.json.
saved intermediate frozen graph: data-4372c5a4-77df-4429-8419-6a8abe70a542/models/c01ee123-f9f7-4c4e-8bf9-6fa1c478f601/sagemaker-robomaker-artifacts/model/model_34.pb
Best checkpoint number: 30, Last checkpoint number: 32
Copying the frozen checkpoint from ./frozen_models/agent/model_30.pb to /opt/ml/model/agent/model.pb.
[s3] Successfully downloaded deepracer checkpoint json from                  s3 key data-4372c5a4-77df-4429-8419-6a8abe70a542/models/c01ee123-f9f7-4c4e-8bf9-6fa1c478f601/sagemaker-robomaker-artifacts/model/deepracer_checkpoints.json to local checkpoint_sagemaker/agent/deepracer_checkpoints.json.
Deleting the frozen models in s3 for the iterations: {'27'}
Training> Name=main_level/agent, Worker=0, Episode=301, Total reward=0, Steps=19946, Training iteration=15
Training> Name=main_level/agent, Worker=0, Episode=302, Total reward=0, Steps=19992, Training iteration=15
Training> Name=main_level/agent, Worker=0, Episode=303, Total reward=0, Steps=20040, Training iteration=15
Training> Name=main_level/agent, Worker=0, Episode=304, Total reward=0, Steps=20082, Training iteration=15
Training> Name=main_level/agent, Worker=0, Episode=305, Total reward=0, Steps=20157, Training iteration=15
Training> Name=main_level/agent, Worker=0, Episode=306, Total reward=0, Steps=20284, Training iteration=15
Training> Name=main_level/agent, Worker=0, Episode=307, Total reward=0, Steps=20435, Training iteration=15
Training> Name=main_level/agent, Worker=0, Episode=308, Total reward=0, Steps=20467, Training iteration=15
Training> Name=main_level/agent, Worker=0, Episode=309, Total reward=0, Steps=20542, Training iteration=15
Training> Name=main_level/agent, Worker=0, Episode=310, Total reward=0, Steps=20633, Training iteration=15
Training> Name=main_level/agent, Worker=0, Episode=311, Total reward=0, Steps=20787, Training iteration=15
Training> Name=main_level/agent, Worker=0, Episode=312, Total reward=0, Steps=20905, Training iteration=15
Training> Name=main_level/agent, Worker=0, Episode=313, Total reward=0, Steps=20991, Training iteration=15
Training> Name=main_level/agent, Worker=0, Episode=314, Total reward=0, Steps=21146, Training iteration=15
Training> Name=main_level/agent, Worker=0, Episode=315, Total reward=0, Steps=21201, Training iteration=15
Training> Name=main_level/agent, Worker=0, Episode=316, Total reward=0, Steps=21279, Training iteration=15
Training> Name=main_level/agent, Worker=0, Episode=317, Total reward=0, Steps=21363, Training iteration=15
Training> Name=main_level/agent, Worker=0, Episode=318, Total reward=0, Steps=21447, Training iteration=15
Training> Name=main_level/agent, Worker=0, Episode=319, Total reward=0, Steps=21528, Training iteration=15
Training> Name=main_level/agent, Worker=0, Episode=320, Total reward=0, Steps=21611, Training iteration=15
Policy training> Surrogate loss=0.045308224856853485, KL divergence=0.11672358959913254, Entropy=2.539855480194092, training epoch=0, learning_rate=0.00025
Policy training> Surrogate loss=0.005080987699329853, KL divergence=0.15515758097171783, Entropy=2.542757987976074, training epoch=1, learning_rate=0.00025
Policy training> Surrogate loss=-0.04374965280294418, KL divergence=0.09859605133533478, Entropy=2.546576499938965, training epoch=2, learning_rate=0.00025
Policy training> Surrogate loss=-0.050312433391809464, KL divergence=0.08551193028688431, Entropy=2.5459065437316895, training epoch=3, learning_rate=0.00025
Policy training> Surrogate loss=-0.08836574107408524, KL divergence=0.08370646834373474, Entropy=2.5427377223968506, training epoch=4, learning_rate=0.00025
Policy training> Surrogate loss=-0.08906039595603943, KL divergence=0.08923925459384918, Entropy=2.5394656658172607, training epoch=5, learning_rate=0.00025
