Writing training job pid to /opt/ml/training_worker.pid: 47
Training Worker Args: Namespace(aws_region='us-east-1', checkpoint_dir='./checkpoint_sagemaker', environment_s3_key=None, framework='tensorflow', model_metadata_s3_key='s3://aws-deepracer-data-us-east-1-1/data-4372c5a4-77df-4429-8419-6a8abe70a542/models/417e4113-be5f-439b-a77c-1f832b3b3e04/model_metadata.json', preset_s3_key=None, pretrained_checkpoint_dir='./pretrained_checkpoint_sagemaker', pretrained_s3_bucket='aws-deepracer-data-us-east-1-1', pretrained_s3_prefix='data-4372c5a4-77df-4429-8419-6a8abe70a542/models/0b9fb657-2fa5-4861-a8ad-ab62f59af943/sagemaker-robomaker-artifacts/', s3_bucket='aws-deepracer-data-us-east-1-1', s3_prefix='data-4372c5a4-77df-4429-8419-6a8abe70a542/models/417e4113-be5f-439b-a77c-1f832b3b3e04/sagemaker-robomaker-artifacts/')
[s3] Successfully downloaded model metadata                  from s3 key data-4372c5a4-77df-4429-8419-6a8abe70a542/models/417e4113-be5f-439b-a77c-1f832b3b3e04/model_metadata.json to local ./custom_files/agent/model_metadata.json.
Sensor list ['FRONT_FACING_CAMERA'], network DEEP_CONVOLUTIONAL_NETWORK_SHALLOW, simapp_version 5.0, training_algorithm clipped_ppo, action_space_type continuous lidar_config {'num_sectors': 8, 'num_values_per_sector': 8, 'clipping_dist': 2.0}
Action space from file: {'steering_angle': {'high': 30, 'low': -20}, 'speed': {'high': 3.5, 'low': 1.3}}
Using the following hyper-parameters
{
  "batch_size": 64,
  "beta_entropy": 0.0008,
  "discount_factor": 0.99,
  "e_greedy_value": 1.0,
  "epsilon_steps": 10000,
  "exploration_type": "categorical",
  "loss_type": "huber",
  "lr": 0.0004,
  "num_episodes_between_training": 15,
  "num_epochs": 10,
  "stack_size": 1,
  "term_cond_avg_score": 100000.0,
  "term_cond_max_episodes": 100000
}
[s3] Successfully uploaded hyperparameters to                  s3 bucket aws-deepracer-data-us-east-1-1 with s3 key data-4372c5a4-77df-4429-8419-6a8abe70a542/models/417e4113-be5f-439b-a77c-1f832b3b3e04/sagemaker-robomaker-artifacts/ip/hyperparameters.json.
Hostname: ip-10-0-47-249.ec2.internal
[s3] Successfully uploaded ip address to                  s3 bucket aws-deepracer-data-us-east-1-1 with s3 key data-4372c5a4-77df-4429-8419-6a8abe70a542/models/417e4113-be5f-439b-a77c-1f832b3b3e04/sagemaker-robomaker-artifacts/ip/ip.json.
[s3] Successfully uploaded ip done to                  s3 bucket aws-deepracer-data-us-east-1-1 with s3 key data-4372c5a4-77df-4429-8419-6a8abe70a542/models/417e4113-be5f-439b-a77c-1f832b3b3e04/sagemaker-robomaker-artifacts/ip/done.
[s3] Successfully downloaded deepracer checkpoint json from                  s3 key data-4372c5a4-77df-4429-8419-6a8abe70a542/models/0b9fb657-2fa5-4861-a8ad-ab62f59af943/sagemaker-robomaker-artifacts/model/deepracer_checkpoints.json to local pretrained_checkpoint_sagemaker/agent/deepracer_checkpoints.json.
[s3] Successfully uploaded temp coach checkpoint to                   s3 bucket aws-deepracer-data-us-east-1-1 with s3 key data-4372c5a4-77df-4429-8419-6a8abe70a542/models/0b9fb657-2fa5-4861-a8ad-ab62f59af943/sagemaker-robomaker-artifacts/model/.coach_checkpoint.
[s3] Successfully downloaded 42_Step-17214.ckpt.data-00000-of-00001 from                  s3 key data-4372c5a4-77df-4429-8419-6a8abe70a542/models/0b9fb657-2fa5-4861-a8ad-ab62f59af943/sagemaker-robomaker-artifacts/model/42_Step-17214.ckpt.data-00000-of-00001 to local pretrained_checkpoint_sagemaker/agent/42_Step-17214.ckpt.data-00000-of-00001.
[s3] Successfully downloaded 42_Step-17214.ckpt.index from                  s3 key data-4372c5a4-77df-4429-8419-6a8abe70a542/models/0b9fb657-2fa5-4861-a8ad-ab62f59af943/sagemaker-robomaker-artifacts/model/42_Step-17214.ckpt.index to local pretrained_checkpoint_sagemaker/agent/42_Step-17214.ckpt.index.
[s3] Successfully downloaded 42_Step-17214.ckpt.meta from                  s3 key data-4372c5a4-77df-4429-8419-6a8abe70a542/models/0b9fb657-2fa5-4861-a8ad-ab62f59af943/sagemaker-robomaker-artifacts/model/42_Step-17214.ckpt.meta to local pretrained_checkpoint_sagemaker/agent/42_Step-17214.ckpt.meta.
[s3] Successfully downloaded .ready from                  s3 key data-4372c5a4-77df-4429-8419-6a8abe70a542/models/0b9fb657-2fa5-4861-a8ad-ab62f59af943/sagemaker-robomaker-artifacts/model/.ready to local pretrained_checkpoint_sagemaker/agent/.ready.
## Creating graph - name: MultiAgentGraphManager
## Start physics before creating graph
## Create graph
## Creating agent - name: agent
[RL] Created agent loggers
[RL] Dynamic import of memory:  "DeepRacerMemoryParameters" {
    "load_memory_from_file_path": null,
    "max_size": [
        "<MemoryGranularity.Transitions: 0>",
        1000000
    ],
    "n_step": -1,
    "shared_memory": false,
    "train_to_eval_ratio": 1
}
[RL] Dynamically imported of memory <markov.memories.deepracer_memory.DeepRacerMemory object at 0x7f899040b610>
[RL] Setting devices
[RL] Setting filters
[RL] Setting filter devices: numpy
[RL] Setting Phase
[RL] After setting Phase
[RL] Setting signals
[RL] Agent init successful
[RL] ActorCriticAgent init
[RL] ActorCriticAgent  init successful
## Created agent: agent
/root/anaconda/envs/sagemaker_env/lib/python3.8/site-packages/rl_coach/architectures/tensorflow_components/layers.py:119: UserWarning: `tf.layers.conv2d` is deprecated and will be removed in a future version. Please Use `tf.keras.layers.Conv2D` instead.
  return tf.compat.v1.layers.conv2d(input_layer, filters=self.num_filters, kernel_size=self.kernel_size,
/root/anaconda/envs/sagemaker_env/lib/python3.8/site-packages/rl_coach/architectures/tensorflow_components/layers.py:181: UserWarning: `tf.layers.dense` is deprecated and will be removed in a future version. Please use `tf.keras.layers.Dense` instead.
  return tf.compat.v1.layers.dense(input_layer, self.units, name=name, kernel_initializer=kernel_initializer,
/root/anaconda/envs/sagemaker_env/lib/python3.8/site-packages/rl_coach/architectures/tensorflow_components/layers.py:181: UserWarning: `tf.layers.dense` is deprecated and will be removed in a future version. Please use `tf.keras.layers.Dense` instead.
  return tf.compat.v1.layers.dense(input_layer, self.units, name=name, kernel_initializer=kernel_initializer,
/root/anaconda/envs/sagemaker_env/lib/python3.8/site-packages/rl_coach/architectures/tensorflow_components/layers.py:119: UserWarning: `tf.layers.conv2d` is deprecated and will be removed in a future version. Please Use `tf.keras.layers.Conv2D` instead.
  return tf.compat.v1.layers.conv2d(input_layer, filters=self.num_filters, kernel_size=self.kernel_size,
## Stop physics after creating graph
## Creating session
Checkpoint> Restoring from path=./pretrained_checkpoint_sagemaker/agent/42_Step-17214.ckpt
Checkpoint> Saving in path=['./checkpoint_sagemaker/agent/43_Step-0.ckpt']
[s3] Successfully uploaded .lock to                      s3 bucket aws-deepracer-data-us-east-1-1 with s3 key data-4372c5a4-77df-4429-8419-6a8abe70a542/models/417e4113-be5f-439b-a77c-1f832b3b3e04/sagemaker-robomaker-artifacts/model/.lock.
Uploaded 3 files for checkpoint 43
[s3] Successfully uploaded coach checkpoint to                   s3 bucket aws-deepracer-data-us-east-1-1 with s3 key data-4372c5a4-77df-4429-8419-6a8abe70a542/models/417e4113-be5f-439b-a77c-1f832b3b3e04/sagemaker-robomaker-artifacts/model/.coach_checkpoint.
Unable to find deepracer checkpoint json
Unable to find the best deepracer checkpoint number. Getting the last checkpoint number
Unable to find deepracer checkpoint json
Unable to find the last deepracer checkpoint number.
Unable to find deepracer checkpoint json
Unable to find the last deepracer checkpoint number.
saved intermediate frozen graph: data-4372c5a4-77df-4429-8419-6a8abe70a542/models/417e4113-be5f-439b-a77c-1f832b3b3e04/sagemaker-robomaker-artifacts/model/model_43.pb
Best checkpoint number: -1, Last checkpoint number: -1
Copying the frozen checkpoint from ./frozen_models/agent/model_43.pb to /opt/ml/model/agent/model.pb.
Unable to find deepracer checkpoint json
[s3] Successfully uploaded .lock to                      s3 bucket aws-deepracer-data-us-east-1-1 with s3 key data-4372c5a4-77df-4429-8419-6a8abe70a542/models/417e4113-be5f-439b-a77c-1f832b3b3e04/sagemaker-robomaker-artifacts/model/.lock.
[s3] Successfully uploaded .ready to                      s3 bucket aws-deepracer-data-us-east-1-1 with s3 key data-4372c5a4-77df-4429-8419-6a8abe70a542/models/417e4113-be5f-439b-a77c-1f832b3b3e04/sagemaker-robomaker-artifacts/model/.ready.
DoorMan: installing SIGINT, SIGTERM
Training> Name=main_level/agent, Worker=0, Episode=1, Total reward=0, Steps=40, Training iteration=0
Training> Name=main_level/agent, Worker=0, Episode=2, Total reward=0, Steps=196, Training iteration=0
Training> Name=main_level/agent, Worker=0, Episode=3, Total reward=0, Steps=250, Training iteration=0
Training> Name=main_level/agent, Worker=0, Episode=4, Total reward=0, Steps=407, Training iteration=0
Training> Name=main_level/agent, Worker=0, Episode=5, Total reward=0, Steps=439, Training iteration=0
Training> Name=main_level/agent, Worker=0, Episode=6, Total reward=0, Steps=468, Training iteration=0
Training> Name=main_level/agent, Worker=0, Episode=7, Total reward=0, Steps=631, Training iteration=0
Training> Name=main_level/agent, Worker=0, Episode=8, Total reward=0, Steps=784, Training iteration=0
Training> Name=main_level/agent, Worker=0, Episode=9, Total reward=0, Steps=944, Training iteration=0
Training> Name=main_level/agent, Worker=0, Episode=10, Total reward=0, Steps=1078, Training iteration=0
Training> Name=main_level/agent, Worker=0, Episode=11, Total reward=0, Steps=1219, Training iteration=0
Training> Name=main_level/agent, Worker=0, Episode=12, Total reward=0, Steps=1271, Training iteration=0
Training> Name=main_level/agent, Worker=0, Episode=13, Total reward=0, Steps=1348, Training iteration=0
Training> Name=main_level/agent, Worker=0, Episode=14, Total reward=0, Steps=1497, Training iteration=0
Training> Name=main_level/agent, Worker=0, Episode=15, Total reward=0, Steps=1660, Training iteration=0
Policy training> Surrogate loss=0.05471176281571388, KL divergence=0.10243824869394302, Entropy=2.2883522510528564, training epoch=0, learning_rate=0.0004
Policy training> Surrogate loss=-0.01865493692457676, KL divergence=0.15519165992736816, Entropy=2.2884931564331055, training epoch=1, learning_rate=0.0004
Policy training> Surrogate loss=-0.06296715885400772, KL divergence=0.12863372266292572, Entropy=2.2883708477020264, training epoch=2, learning_rate=0.0004
Policy training> Surrogate loss=-0.06908436864614487, KL divergence=0.11639966815710068, Entropy=2.283834218978882, training epoch=3, learning_rate=0.0004
Policy training> Surrogate loss=-0.09481712430715561, KL divergence=0.12346287816762924, Entropy=2.2786824703216553, training epoch=4, learning_rate=0.0004
Policy training> Surrogate loss=-0.10389621555805206, KL divergence=0.12525826692581177, Entropy=2.2704050540924072, training epoch=5, learning_rate=0.0004
Policy training> Surrogate loss=-0.10657861828804016, KL divergence=0.14312753081321716, Entropy=2.261162519454956, training epoch=6, learning_rate=0.0004
Policy training> Surrogate loss=-0.10341915488243103, KL divergence=0.14854931831359863, Entropy=2.2501718997955322, training epoch=7, learning_rate=0.0004
Policy training> Surrogate loss=-0.10064855217933655, KL divergence=0.17896372079849243, Entropy=2.2409963607788086, training epoch=8, learning_rate=0.0004
Policy training> Surrogate loss=-0.11185473203659058, KL divergence=0.18825791776180267, Entropy=2.2332990169525146, training epoch=9, learning_rate=0.0004
Checkpoint> Saving in path=['./checkpoint_sagemaker/agent/44_Step-1660.ckpt']
[s3] Successfully uploaded .lock to                      s3 bucket aws-deepracer-data-us-east-1-1 with s3 key data-4372c5a4-77df-4429-8419-6a8abe70a542/models/417e4113-be5f-439b-a77c-1f832b3b3e04/sagemaker-robomaker-artifacts/model/.lock.
Uploaded 3 files for checkpoint 44
[s3] Successfully uploaded coach checkpoint to                   s3 bucket aws-deepracer-data-us-east-1-1 with s3 key data-4372c5a4-77df-4429-8419-6a8abe70a542/models/417e4113-be5f-439b-a77c-1f832b3b3e04/sagemaker-robomaker-artifacts/model/.coach_checkpoint.
[s3] Successfully downloaded deepracer checkpoint json from                  s3 key data-4372c5a4-77df-4429-8419-6a8abe70a542/models/417e4113-be5f-439b-a77c-1f832b3b3e04/sagemaker-robomaker-artifacts/model/deepracer_checkpoints.json to local checkpoint_sagemaker/agent/deepracer_checkpoints.json.
[s3] Successfully downloaded deepracer checkpoint json from                  s3 key data-4372c5a4-77df-4429-8419-6a8abe70a542/models/417e4113-be5f-439b-a77c-1f832b3b3e04/sagemaker-robomaker-artifacts/model/deepracer_checkpoints.json to local checkpoint_sagemaker/agent/deepracer_checkpoints.json.
saved intermediate frozen graph: data-4372c5a4-77df-4429-8419-6a8abe70a542/models/417e4113-be5f-439b-a77c-1f832b3b3e04/sagemaker-robomaker-artifacts/model/model_44.pb
Best checkpoint number: 43, Last checkpoint number: 43
Copying the frozen checkpoint from ./frozen_models/agent/model_43.pb to /opt/ml/model/agent/model.pb.
[s3] Successfully downloaded deepracer checkpoint json from                  s3 key data-4372c5a4-77df-4429-8419-6a8abe70a542/models/417e4113-be5f-439b-a77c-1f832b3b3e04/sagemaker-robomaker-artifacts/model/deepracer_checkpoints.json to local checkpoint_sagemaker/agent/deepracer_checkpoints.json.
Training> Name=main_level/agent, Worker=0, Episode=16, Total reward=0, Steps=1698, Training iteration=1
Training> Name=main_level/agent, Worker=0, Episode=17, Total reward=0, Steps=1805, Training iteration=1
Training> Name=main_level/agent, Worker=0, Episode=18, Total reward=0, Steps=1878, Training iteration=1
Training> Name=main_level/agent, Worker=0, Episode=19, Total reward=0, Steps=1979, Training iteration=1
Training> Name=main_level/agent, Worker=0, Episode=20, Total reward=0, Steps=2051, Training iteration=1
Training> Name=main_level/agent, Worker=0, Episode=21, Total reward=0, Steps=2120, Training iteration=1
Training> Name=main_level/agent, Worker=0, Episode=22, Total reward=0, Steps=2278, Training iteration=1
Training> Name=main_level/agent, Worker=0, Episode=23, Total reward=0, Steps=2321, Training iteration=1
Training> Name=main_level/agent, Worker=0, Episode=24, Total reward=0, Steps=2485, Training iteration=1
Training> Name=main_level/agent, Worker=0, Episode=25, Total reward=0, Steps=2642, Training iteration=1
Training> Name=main_level/agent, Worker=0, Episode=26, Total reward=0, Steps=2728, Training iteration=1
Training> Name=main_level/agent, Worker=0, Episode=27, Total reward=0, Steps=2881, Training iteration=1
Training> Name=main_level/agent, Worker=0, Episode=28, Total reward=0, Steps=3037, Training iteration=1
Training> Name=main_level/agent, Worker=0, Episode=29, Total reward=0, Steps=3198, Training iteration=1
Training> Name=main_level/agent, Worker=0, Episode=30, Total reward=0, Steps=3346, Training iteration=1
Policy training> Surrogate loss=0.05397047474980354, KL divergence=0.15250834822654724, Entropy=2.2263474464416504, training epoch=0, learning_rate=0.0004
Policy training> Surrogate loss=-0.011243868619203568, KL divergence=0.3730764389038086, Entropy=2.2257487773895264, training epoch=1, learning_rate=0.0004
Policy training> Surrogate loss=-0.05033036693930626, KL divergence=0.43434178829193115, Entropy=2.2201666831970215, training epoch=2, learning_rate=0.0004
Policy training> Surrogate loss=-0.08518785983324051, KL divergence=0.3615790903568268, Entropy=2.2129807472229004, training epoch=3, learning_rate=0.0004
Policy training> Surrogate loss=-0.0910881832242012, KL divergence=0.3714886009693146, Entropy=2.204447031021118, training epoch=4, learning_rate=0.0004
Policy training> Surrogate loss=-0.10121624171733856, KL divergence=0.34902065992355347, Entropy=2.1960501670837402, training epoch=5, learning_rate=0.0004
Policy training> Surrogate loss=-0.1088145300745964, KL divergence=0.37452390789985657, Entropy=2.1836912631988525, training epoch=6, learning_rate=0.0004
Policy training> Surrogate loss=-0.10863734781742096, KL divergence=0.35739463567733765, Entropy=2.1731348037719727, training epoch=7, learning_rate=0.0004
Policy training> Surrogate loss=-0.11896861344575882, KL divergence=0.36720389127731323, Entropy=2.1633951663970947, training epoch=8, learning_rate=0.0004
Policy training> Surrogate loss=-0.1248357966542244, KL divergence=0.375946581363678, Entropy=2.151535749435425, training epoch=9, learning_rate=0.0004
Checkpoint> Saving in path=['./checkpoint_sagemaker/agent/45_Step-3346.ckpt']
[s3] Successfully uploaded .lock to                      s3 bucket aws-deepracer-data-us-east-1-1 with s3 key data-4372c5a4-77df-4429-8419-6a8abe70a542/models/417e4113-be5f-439b-a77c-1f832b3b3e04/sagemaker-robomaker-artifacts/model/.lock.
Uploaded 3 files for checkpoint 45
[s3] Successfully uploaded coach checkpoint to                   s3 bucket aws-deepracer-data-us-east-1-1 with s3 key data-4372c5a4-77df-4429-8419-6a8abe70a542/models/417e4113-be5f-439b-a77c-1f832b3b3e04/sagemaker-robomaker-artifacts/model/.coach_checkpoint.
[s3] Successfully downloaded deepracer checkpoint json from                  s3 key data-4372c5a4-77df-4429-8419-6a8abe70a542/models/417e4113-be5f-439b-a77c-1f832b3b3e04/sagemaker-robomaker-artifacts/model/deepracer_checkpoints.json to local checkpoint_sagemaker/agent/deepracer_checkpoints.json.
[s3] Successfully downloaded deepracer checkpoint json from                  s3 key data-4372c5a4-77df-4429-8419-6a8abe70a542/models/417e4113-be5f-439b-a77c-1f832b3b3e04/sagemaker-robomaker-artifacts/model/deepracer_checkpoints.json to local checkpoint_sagemaker/agent/deepracer_checkpoints.json.
saved intermediate frozen graph: data-4372c5a4-77df-4429-8419-6a8abe70a542/models/417e4113-be5f-439b-a77c-1f832b3b3e04/sagemaker-robomaker-artifacts/model/model_45.pb
Best checkpoint number: 43, Last checkpoint number: 43
Copying the frozen checkpoint from ./frozen_models/agent/model_43.pb to /opt/ml/model/agent/model.pb.
[s3] Successfully downloaded deepracer checkpoint json from                  s3 key data-4372c5a4-77df-4429-8419-6a8abe70a542/models/417e4113-be5f-439b-a77c-1f832b3b3e04/sagemaker-robomaker-artifacts/model/deepracer_checkpoints.json to local checkpoint_sagemaker/agent/deepracer_checkpoints.json.
Training> Name=main_level/agent, Worker=0, Episode=31, Total reward=0, Steps=3393, Training iteration=2
Training> Name=main_level/agent, Worker=0, Episode=32, Total reward=0, Steps=3545, Training iteration=2
Training> Name=main_level/agent, Worker=0, Episode=33, Total reward=0, Steps=3664, Training iteration=2
Training> Name=main_level/agent, Worker=0, Episode=34, Total reward=0, Steps=3744, Training iteration=2
Training> Name=main_level/agent, Worker=0, Episode=35, Total reward=0, Steps=3782, Training iteration=2
Training> Name=main_level/agent, Worker=0, Episode=36, Total reward=0, Steps=3819, Training iteration=2
Training> Name=main_level/agent, Worker=0, Episode=37, Total reward=0, Steps=3901, Training iteration=2
Training> Name=main_level/agent, Worker=0, Episode=38, Total reward=0, Steps=3980, Training iteration=2
Training> Name=main_level/agent, Worker=0, Episode=39, Total reward=0, Steps=4134, Training iteration=2
Training> Name=main_level/agent, Worker=0, Episode=40, Total reward=0, Steps=4289, Training iteration=2
Training> Name=main_level/agent, Worker=0, Episode=41, Total reward=0, Steps=4437, Training iteration=2
Training> Name=main_level/agent, Worker=0, Episode=42, Total reward=0, Steps=4490, Training iteration=2
Training> Name=main_level/agent, Worker=0, Episode=43, Total reward=0, Steps=4606, Training iteration=2
Training> Name=main_level/agent, Worker=0, Episode=44, Total reward=0, Steps=4758, Training iteration=2
Training> Name=main_level/agent, Worker=0, Episode=45, Total reward=0, Steps=4793, Training iteration=2
Policy training> Surrogate loss=0.06688452512025833, KL divergence=0.1429782211780548, Entropy=2.1411478519439697, training epoch=0, learning_rate=0.0004
Policy training> Surrogate loss=-0.022778034210205078, KL divergence=0.49776697158813477, Entropy=2.1384918689727783, training epoch=1, learning_rate=0.0004
Policy training> Surrogate loss=-0.05586995929479599, KL divergence=0.5146479606628418, Entropy=2.135326862335205, training epoch=2, learning_rate=0.0004
Policy training> Surrogate loss=-0.07163462042808533, KL divergence=0.5889826416969299, Entropy=2.1306731700897217, training epoch=3, learning_rate=0.0004
Policy training> Surrogate loss=-0.09395050257444382, KL divergence=0.482564240694046, Entropy=2.1221163272857666, training epoch=4, learning_rate=0.0004
Policy training> Surrogate loss=-0.09862823784351349, KL divergence=0.5030115842819214, Entropy=2.112593412399292, training epoch=5, learning_rate=0.0004
Policy training> Surrogate loss=-0.1081516444683075, KL divergence=0.4773615002632141, Entropy=2.102066993713379, training epoch=6, learning_rate=0.0004
Policy training> Surrogate loss=-0.1250784546136856, KL divergence=0.5049426555633545, Entropy=2.0909879207611084, training epoch=7, learning_rate=0.0004
Policy training> Surrogate loss=-0.1293727159500122, KL divergence=0.4775450527667999, Entropy=2.079566717147827, training epoch=8, learning_rate=0.0004
Policy training> Surrogate loss=-0.1310790777206421, KL divergence=0.4974246025085449, Entropy=2.0691018104553223, training epoch=9, learning_rate=0.0004
Checkpoint> Saving in path=['./checkpoint_sagemaker/agent/46_Step-4793.ckpt']
[s3] Successfully uploaded .lock to                      s3 bucket aws-deepracer-data-us-east-1-1 with s3 key data-4372c5a4-77df-4429-8419-6a8abe70a542/models/417e4113-be5f-439b-a77c-1f832b3b3e04/sagemaker-robomaker-artifacts/model/.lock.
Uploaded 3 files for checkpoint 46
[s3] Successfully uploaded coach checkpoint to                   s3 bucket aws-deepracer-data-us-east-1-1 with s3 key data-4372c5a4-77df-4429-8419-6a8abe70a542/models/417e4113-be5f-439b-a77c-1f832b3b3e04/sagemaker-robomaker-artifacts/model/.coach_checkpoint.
[s3] Successfully downloaded deepracer checkpoint json from                  s3 key data-4372c5a4-77df-4429-8419-6a8abe70a542/models/417e4113-be5f-439b-a77c-1f832b3b3e04/sagemaker-robomaker-artifacts/model/deepracer_checkpoints.json to local checkpoint_sagemaker/agent/deepracer_checkpoints.json.
[s3] Successfully downloaded deepracer checkpoint json from                  s3 key data-4372c5a4-77df-4429-8419-6a8abe70a542/models/417e4113-be5f-439b-a77c-1f832b3b3e04/sagemaker-robomaker-artifacts/model/deepracer_checkpoints.json to local checkpoint_sagemaker/agent/deepracer_checkpoints.json.
saved intermediate frozen graph: data-4372c5a4-77df-4429-8419-6a8abe70a542/models/417e4113-be5f-439b-a77c-1f832b3b3e04/sagemaker-robomaker-artifacts/model/model_46.pb
Best checkpoint number: 44, Last checkpoint number: 44
Copying the frozen checkpoint from ./frozen_models/agent/model_44.pb to /opt/ml/model/agent/model.pb.
[s3] Successfully downloaded deepracer checkpoint json from                  s3 key data-4372c5a4-77df-4429-8419-6a8abe70a542/models/417e4113-be5f-439b-a77c-1f832b3b3e04/sagemaker-robomaker-artifacts/model/deepracer_checkpoints.json to local checkpoint_sagemaker/agent/deepracer_checkpoints.json.
Training> Name=main_level/agent, Worker=0, Episode=46, Total reward=0, Steps=4825, Training iteration=3
Training> Name=main_level/agent, Worker=0, Episode=47, Total reward=0, Steps=4986, Training iteration=3
Training> Name=main_level/agent, Worker=0, Episode=48, Total reward=0, Steps=5089, Training iteration=3
Training> Name=main_level/agent, Worker=0, Episode=49, Total reward=0, Steps=5113, Training iteration=3
Training> Name=main_level/agent, Worker=0, Episode=50, Total reward=0, Steps=5212, Training iteration=3
Training> Name=main_level/agent, Worker=0, Episode=51, Total reward=0, Steps=5358, Training iteration=3
Training> Name=main_level/agent, Worker=0, Episode=52, Total reward=0, Steps=5475, Training iteration=3
